<?xml version="1.0" encoding="UTF-8"?>
<coverage generated="1624452343">
  <project timestamp="1624452343">
    <package name="Findologic\Api">
      <file name="/home/rimantas/web/htdocs/findologic/devtool/37811/18/Findologic/src/Api/Client.php">
        <class name="Findologic\Api\Client" namespace="Findologic\Api" fullPackage="Findologic" package="Findologic">
          <metrics complexity="4" methods="3" coveredmethods="0" conditionals="0" coveredconditionals="0" statements="17" coveredstatements="0" elements="20" coveredelements="0"/>
        </class>
        <line num="31" type="method" name="__construct" visibility="public" complexity="1" crap="2" count="0"/>
        <line num="33" type="stmt" count="0"/>
        <line num="34" type="stmt" count="0"/>
        <line num="35" type="stmt" count="0"/>
        <line num="41" type="method" name="call" visibility="public" complexity="2" crap="6" count="0"/>
        <line num="43" type="stmt" count="0"/>
        <line num="46" type="stmt" count="0"/>
        <line num="47" type="stmt" count="0"/>
        <line num="48" type="stmt" count="0"/>
        <line num="50" type="stmt" count="0"/>
        <line num="51" type="stmt" count="0"/>
        <line num="52" type="stmt" count="0"/>
        <line num="53" type="stmt" count="0"/>
        <line num="56" type="stmt" count="0"/>
        <line num="63" type="method" name="requestToArray" visibility="protected" complexity="1" crap="2" count="0"/>
        <line num="65" type="stmt" count="0"/>
        <line num="67" type="stmt" count="0"/>
        <line num="68" type="stmt" count="0"/>
        <line num="69" type="stmt" count="0"/>
        <line num="71" type="stmt" count="0"/>
        <metrics loc="72" ncloc="54" classes="1" methods="3" coveredmethods="0" conditionals="0" coveredconditionals="0" statements="17" coveredstatements="0" elements="20" coveredelements="0"/>
      </file>
    </package>
    <package name="Findologic\Api\Request">
      <file name="/home/rimantas/web/htdocs/findologic/devtool/37811/18/Findologic/src/Api/Request/ParametersBuilder.php">
        <class name="Findologic\Api\Request\ParametersBuilder" namespace="Findologic\Api\Request">
          <metrics complexity="26" methods="6" coveredmethods="2" conditionals="0" coveredconditionals="0" statements="53" coveredstatements="44" elements="59" coveredelements="46"/>
        </class>
        <line num="42" type="method" name="__construct" visibility="public" complexity="1" crap="1" count="10"/>
        <line num="46" type="stmt" count="10"/>
        <line num="47" type="stmt" count="10"/>
        <line num="48" type="stmt" count="10"/>
        <line num="50" type="stmt" count="10"/>
        <line num="51" type="stmt" count="10"/>
        <line num="56" type="method" name="getCategoryService" visibility="public" complexity="2" crap="6" count="0"/>
        <line num="58" type="stmt" count="0"/>
        <line num="59" type="stmt" count="0"/>
        <line num="62" type="stmt" count="0"/>
        <line num="72" type="method" name="setSearchParams" visibility="public" complexity="12" crap="12" count="9"/>
        <line num="78" type="stmt" count="9"/>
        <line num="80" type="stmt" count="9"/>
        <line num="81" type="stmt" count="9"/>
        <line num="83" type="stmt" count="9"/>
        <line num="84" type="stmt" count="9"/>
        <line num="85" type="stmt" count="9"/>
        <line num="86" type="stmt" count="9"/>
        <line num="87" type="stmt" count="1"/>
        <line num="90" type="stmt" count="9"/>
        <line num="94" type="stmt" count="9"/>
        <line num="95" type="stmt" count="9"/>
        <line num="96" type="stmt" count="1"/>
        <line num="99" type="stmt" count="9"/>
        <line num="100" type="stmt" count="1"/>
        <line num="103" type="stmt" count="9"/>
        <line num="104" type="stmt" count="2"/>
        <line num="107" type="stmt" count="9"/>
        <line num="108" type="stmt" count="9"/>
        <line num="110" type="stmt" count="9"/>
        <line num="113" type="stmt" count="9"/>
        <line num="115" type="stmt" count="9"/>
        <line num="123" type="method" name="setPagination" visibility="protected" complexity="4" crap="4.32" count="9"/>
        <line num="126" type="stmt" count="9"/>
        <line num="127" type="stmt" count="9"/>
        <line num="129" type="stmt" count="2"/>
        <line num="130" type="stmt" count="2"/>
        <line num="131" type="stmt" count="2"/>
        <line num="134" type="stmt" count="7"/>
        <line num="136" type="stmt" count="7"/>
        <line num="137" type="stmt" count="0"/>
        <line num="138" type="stmt" count="0"/>
        <line num="139" type="stmt" count="0"/>
        <line num="143" type="stmt" count="7"/>
        <line num="150" type="method" name="getCategoryName" visibility="public" complexity="2" crap="2.15" count="3"/>
        <line num="152" type="stmt" count="3"/>
        <line num="155" type="stmt" count="3"/>
        <line num="156" type="stmt" count="3"/>
        <line num="157" type="stmt" count="0"/>
        <line num="158" type="stmt" count="0"/>
        <line num="161" type="stmt" count="3"/>
        <line num="169" type="method" name="getCategoryTree" visibility="protected" complexity="5" crap="5.07" count="3"/>
        <line num="171" type="stmt" count="3"/>
        <line num="172" type="stmt" count="0"/>
        <line num="175" type="stmt" count="3"/>
        <line num="177" type="stmt" count="3"/>
        <line num="178" type="stmt" count="1"/>
        <line num="179" type="stmt" count="1"/>
        <line num="182" type="stmt" count="3"/>
        <metrics loc="183" ncloc="150" classes="1" methods="6" coveredmethods="2" conditionals="0" coveredconditionals="0" statements="53" coveredstatements="44" elements="59" coveredelements="46"/>
      </file>
      <file name="/home/rimantas/web/htdocs/findologic/devtool/37811/18/Findologic/src/Api/Request/Request.php">
        <class name="Findologic\Api\Request\Request" namespace="Findologic\Api\Request" fullPackage="Findologic" package="Findologic">
          <metrics complexity="21" methods="13" coveredmethods="9" conditionals="0" coveredconditionals="0" statements="34" coveredstatements="26" elements="47" coveredelements="35"/>
        </class>
        <line num="42" type="method" name="getRequestUrl" visibility="public" complexity="2" crap="2" count="1"/>
        <line num="44" type="stmt" count="1"/>
        <line num="45" type="stmt" count="1"/>
        <line num="47" type="stmt" count="1"/>
        <line num="48" type="stmt" count="1"/>
        <line num="51" type="stmt" count="1"/>
        <line num="57" type="method" name="getUrl" visibility="public" complexity="1" crap="1" count="5"/>
        <line num="59" type="stmt" count="5"/>
        <line num="66" type="method" name="setUrl" visibility="public" complexity="1" crap="1" count="5"/>
        <line num="68" type="stmt" count="5"/>
        <line num="70" type="stmt" count="5"/>
        <line num="76" type="method" name="getHeaders" visibility="public" complexity="1" crap="2" count="0"/>
        <line num="78" type="stmt" count="0"/>
        <line num="85" type="method" name="setHeaders" visibility="public" complexity="1" crap="2" count="0"/>
        <line num="87" type="stmt" count="0"/>
        <line num="89" type="stmt" count="0"/>
        <line num="97" type="method" name="setHeader" visibility="public" complexity="1" crap="2" count="0"/>
        <line num="99" type="stmt" count="0"/>
        <line num="101" type="stmt" count="0"/>
        <line num="107" type="method" name="getParams" visibility="public" complexity="1" crap="1" count="14"/>
        <line num="109" type="stmt" count="14"/>
        <line num="116" type="method" name="setParams" visibility="public" complexity="1" crap="1" count="1"/>
        <line num="118" type="stmt" count="1"/>
        <line num="120" type="stmt" count="1"/>
        <line num="128" type="method" name="setParam" visibility="public" complexity="1" crap="1" count="13"/>
        <line num="130" type="stmt" count="13"/>
        <line num="132" type="stmt" count="13"/>
        <line num="140" type="method" name="setAttributeParam" visibility="public" complexity="5" crap="5" count="9"/>
        <line num="142" type="stmt" count="9"/>
        <line num="143" type="stmt" count="9"/>
        <line num="148" type="stmt" count="9"/>
        <line num="149" type="stmt" count="7"/>
        <line num="151" type="stmt" count="7"/>
        <line num="154" type="stmt" count="9"/>
        <line num="161" type="method" name="setPropertyParam" visibility="public" complexity="3" crap="3" count="9"/>
        <line num="163" type="stmt" count="9"/>
        <line num="164" type="stmt" count="9"/>
        <line num="167" type="stmt" count="9"/>
        <line num="168" type="stmt" count="9"/>
        <line num="171" type="stmt" count="9"/>
        <line num="177" type="method" name="getConfiguration" visibility="public" complexity="2" crap="6" count="0"/>
        <line num="179" type="stmt" count="0"/>
        <line num="180" type="stmt" count="0"/>
        <line num="183" type="stmt" count="0"/>
        <line num="191" type="method" name="setConfiguration" visibility="public" complexity="1" crap="1" count="4"/>
        <line num="193" type="stmt" count="4"/>
        <line num="195" type="stmt" count="4"/>
        <metrics loc="196" ncloc="119" classes="1" methods="13" coveredmethods="9" conditionals="0" coveredconditionals="0" statements="34" coveredstatements="26" elements="47" coveredelements="35"/>
      </file>
      <file name="/home/rimantas/web/htdocs/findologic/devtool/37811/18/Findologic/src/Api/Request/RequestBuilder.php">
        <class name="Findologic\Api\Request\RequestBuilder" namespace="Findologic\Api\Request" fullPackage="Findologic" package="Findologic">
          <metrics complexity="23" methods="10" coveredmethods="6" conditionals="0" coveredconditionals="0" statements="55" coveredstatements="38" elements="65" coveredelements="44"/>
        </class>
        <line num="57" type="method" name="__construct" visibility="public" complexity="1" crap="1" count="7"/>
        <line num="64" type="stmt" count="7"/>
        <line num="65" type="stmt" count="7"/>
        <line num="66" type="stmt" count="7"/>
        <line num="67" type="stmt" count="7"/>
        <line num="68" type="stmt" count="7"/>
        <line num="69" type="stmt" count="7"/>
        <line num="77" type="method" name="build" visibility="public" complexity="1" crap="1" count="3"/>
        <line num="79" type="stmt" count="3"/>
        <line num="80" type="stmt" count="3"/>
        <line num="81" type="stmt" count="3"/>
        <line num="83" type="stmt" count="3"/>
        <line num="89" type="method" name="buildAliveRequest" visibility="public" complexity="1" crap="1" count="1"/>
        <line num="91" type="stmt" count="1"/>
        <line num="92" type="stmt" count="1"/>
        <line num="93" type="stmt" count="1"/>
        <line num="94" type="stmt" count="1"/>
        <line num="97" type="stmt" count="1"/>
        <line num="103" type="method" name="createRequestObject" visibility="public" complexity="1" crap="2" count="0"/>
        <line num="105" type="stmt" count="0"/>
        <line num="112" type="method" name="getUrl" visibility="public" complexity="3" crap="3" count="7"/>
        <line num="114" type="stmt" count="7"/>
        <line num="116" type="stmt" count="7"/>
        <line num="117" type="stmt" count="1"/>
        <line num="118" type="stmt" count="6"/>
        <line num="119" type="stmt" count="1"/>
        <line num="121" type="stmt" count="5"/>
        <line num="124" type="stmt" count="7"/>
        <line num="130" type="method" name="getUserIp" visibility="public" complexity="7" crap="56" count="0"/>
        <line num="132" type="stmt" count="0"/>
        <line num="133" type="stmt" count="0"/>
        <line num="134" type="stmt" count="0"/>
        <line num="135" type="stmt" count="0"/>
        <line num="136" type="stmt" count="0"/>
        <line num="137" type="stmt" count="0"/>
        <line num="138" type="stmt" count="0"/>
        <line num="139" type="stmt" count="0"/>
        <line num="140" type="stmt" count="0"/>
        <line num="141" type="stmt" count="0"/>
        <line num="142" type="stmt" count="0"/>
        <line num="143" type="stmt" count="0"/>
        <line num="145" type="stmt" count="0"/>
        <line num="148" type="stmt" count="0"/>
        <line num="154" type="method" name="getPluginVersion" visibility="public" complexity="1" crap="2" count="0"/>
        <line num="156" type="stmt" count="0"/>
        <line num="162" type="method" name="getShopUrl" visibility="public" complexity="3" crap="3" count="7"/>
        <line num="164" type="stmt" count="7"/>
        <line num="165" type="stmt" count="1"/>
        <line num="168" type="stmt" count="6"/>
        <line num="169" type="stmt" count="1"/>
        <line num="172" type="stmt" count="5"/>
        <line num="180" type="method" name="setDefaultValues" visibility="protected" complexity="2" crap="2" count="3"/>
        <line num="182" type="stmt" count="3"/>
        <line num="183" type="stmt" count="3"/>
        <line num="184" type="stmt" count="3"/>
        <line num="185" type="stmt" count="3"/>
        <line num="186" type="stmt" count="3"/>
        <line num="188" type="stmt" count="3"/>
        <line num="189" type="stmt" count="2"/>
        <line num="192" type="stmt" count="3"/>
        <line num="200" type="method" name="getRequestType" visibility="protected" complexity="3" crap="3.14" count="3"/>
        <line num="202" type="stmt" count="3"/>
        <line num="204" type="stmt" count="3"/>
        <line num="205" type="stmt" count="0"/>
        <line num="208" type="stmt" count="3"/>
        <metrics loc="210" ncloc="153" classes="1" methods="10" coveredmethods="6" conditionals="0" coveredconditionals="0" statements="55" coveredstatements="38" elements="65" coveredelements="44"/>
      </file>
    </package>
    <package name="Findologic\Api\Response\Parser">
      <file name="/home/rimantas/web/htdocs/findologic/devtool/37811/18/Findologic/src/Api/Response/Parser/FiltersParser.php">
        <class name="Findologic\Api\Response\Parser\FiltersParser" namespace="Findologic\Api\Response\Parser" fullPackage="Findologic" package="Findologic">
          <metrics complexity="43" methods="5" coveredmethods="2" conditionals="0" coveredconditionals="0" statements="91" coveredstatements="82" elements="96" coveredelements="84"/>
        </class>
        <line num="36" type="method" name="__construct" visibility="public" complexity="1" crap="1" count="14"/>
        <line num="38" type="stmt" count="14"/>
        <line num="39" type="stmt" count="14"/>
        <line num="40" type="stmt" count="14"/>
        <line num="45" type="method" name="parse" visibility="public" complexity="6" crap="6" count="12"/>
        <line num="47" type="stmt" count="12"/>
        <line num="48" type="stmt" count="1"/>
        <line num="51" type="stmt" count="11"/>
        <line num="53" type="stmt" count="11"/>
        <line num="54" type="stmt" count="11"/>
        <line num="55" type="stmt" count="11"/>
        <line num="59" type="stmt" count="11"/>
        <line num="60" type="stmt" count="1"/>
        <line num="61" type="stmt" count="1"/>
        <line num="65" type="stmt" count="11"/>
        <line num="71" type="method" name="parseForWidgets" visibility="public" complexity="9" crap="9.06" count="2"/>
        <line num="73" type="stmt" count="2"/>
        <line num="74" type="stmt" count="0"/>
        <line num="77" type="stmt" count="2"/>
        <line num="79" type="stmt" count="2"/>
        <line num="80" type="stmt" count="0"/>
        <line num="83" type="stmt" count="2"/>
        <line num="85" type="stmt" count="2"/>
        <line num="86" type="stmt" count="2"/>
        <line num="87" type="stmt" count="1"/>
        <line num="88" type="stmt" count="1"/>
        <line num="89" type="stmt" count="1"/>
        <line num="90" type="stmt" count="1"/>
        <line num="91" type="stmt" count="1"/>
        <line num="92" type="stmt" count="1"/>
        <line num="93" type="stmt" count="1"/>
        <line num="94" type="stmt" count="1"/>
        <line num="95" type="stmt" count="1"/>
        <line num="96" type="stmt" count="1"/>
        <line num="98" type="stmt" count="1"/>
        <line num="99" type="stmt" count="1"/>
        <line num="103" type="stmt" count="2"/>
        <line num="106" type="stmt" count="2"/>
        <line num="116" type="method" name="parseFilterItem" visibility="public" complexity="17" crap="19.10" count="11"/>
        <line num="118" type="stmt" count="11"/>
        <line num="119" type="stmt" count="11"/>
        <line num="120" type="stmt" count="11"/>
        <line num="121" type="stmt" count="11"/>
        <line num="122" type="stmt" count="11"/>
        <line num="123" type="stmt" count="11"/>
        <line num="124" type="stmt" count="11"/>
        <line num="125" type="stmt" count="11"/>
        <line num="127" type="stmt" count="11"/>
        <line num="128" type="stmt" count="0"/>
        <line num="129" type="stmt" count="0"/>
        <line num="132" type="stmt" count="11"/>
        <line num="133" type="stmt" count="4"/>
        <line num="136" type="stmt" count="11"/>
        <line num="137" type="stmt" count="7"/>
        <line num="138" type="stmt" count="2"/>
        <line num="139" type="stmt" count="0"/>
        <line num="144" type="stmt" count="11"/>
        <line num="145" type="stmt" count="1"/>
        <line num="146" type="stmt" count="0"/>
        <line num="148" type="stmt" count="0"/>
        <line num="149" type="stmt" count="0"/>
        <line num="153" type="stmt" count="1"/>
        <line num="156" type="stmt" count="11"/>
        <line num="157" type="stmt" count="4"/>
        <line num="158" type="stmt" count="4"/>
        <line num="159" type="stmt" count="4"/>
        <line num="160" type="stmt" count="4"/>
        <line num="161" type="stmt" count="1"/>
        <line num="163" type="stmt" count="4"/>
        <line num="167" type="stmt" count="11"/>
        <line num="174" type="method" name="parseFilter" visibility="protected" complexity="10" crap="10" count="11"/>
        <line num="176" type="stmt" count="11"/>
        <line num="178" type="stmt" count="11"/>
        <line num="179" type="stmt" count="11"/>
        <line num="180" type="stmt" count="11"/>
        <line num="181" type="stmt" count="11"/>
        <line num="182" type="stmt" count="11"/>
        <line num="183" type="stmt" count="11"/>
        <line num="184" type="stmt" count="11"/>
        <line num="185" type="stmt" count="11"/>
        <line num="188" type="stmt" count="11"/>
        <line num="190" type="stmt" count="11"/>
        <line num="191" type="stmt" count="11"/>
        <line num="194" type="stmt" count="11"/>
        <line num="195" type="stmt" count="0"/>
        <line num="198" type="stmt" count="11"/>
        <line num="199" type="stmt" count="1"/>
        <line num="200" type="stmt" count="1"/>
        <line num="201" type="stmt" count="1"/>
        <line num="202" type="stmt" count="1"/>
        <line num="205" type="stmt" count="11"/>
        <line num="206" type="stmt" count="11"/>
        <line num="207" type="stmt" count="11"/>
        <line num="208" type="stmt" count="11"/>
        <line num="209" type="stmt" count="11"/>
        <line num="213" type="stmt" count="11"/>
        <metrics loc="215" ncloc="179" classes="1" methods="5" coveredmethods="2" conditionals="0" coveredconditionals="0" statements="91" coveredstatements="82" elements="96" coveredelements="84"/>
      </file>
    </package>
    <package name="Findologic\Api\Response">
      <file name="/home/rimantas/web/htdocs/findologic/devtool/37811/18/Findologic/src/Api/Response/Response.php">
        <class name="Findologic\Api\Response\Response" namespace="Findologic\Api\Response" fullPackage="Findologic" package="Findologic">
          <metrics complexity="38" methods="10" coveredmethods="3" conditionals="0" coveredconditionals="0" statements="97" coveredstatements="80" elements="107" coveredelements="83"/>
        </class>
        <line num="36" type="method" name="__construct" visibility="public" complexity="1" crap="1" count="14"/>
        <line num="38" type="stmt" count="14"/>
        <line num="39" type="stmt" count="14"/>
        <line num="46" type="method" name="setData" visibility="public" complexity="1" crap="1" count="10"/>
        <line num="48" type="stmt" count="10"/>
        <line num="50" type="stmt" count="10"/>
        <line num="58" type="method" name="getData" visibility="public" complexity="3" crap="3.33" count="10"/>
        <line num="60" type="stmt" count="10"/>
        <line num="61" type="stmt" count="0"/>
        <line num="64" type="stmt" count="10"/>
        <line num="70" type="method" name="getProductsIds" visibility="public" complexity="2" crap="6" count="0"/>
        <line num="72" type="stmt" count="0"/>
        <line num="74" type="stmt" count="0"/>
        <line num="75" type="stmt" count="0"/>
        <line num="78" type="stmt" count="0"/>
        <line num="84" type="method" name="getVariationIds" visibility="public" complexity="4" crap="20" count="0"/>
        <line num="86" type="stmt" count="0"/>
        <line num="88" type="stmt" count="0"/>
        <line num="89" type="stmt" count="0"/>
        <line num="90" type="stmt" count="0"/>
        <line num="91" type="stmt" count="0"/>
        <line num="96" type="stmt" count="0"/>
        <line num="102" type="method" name="getResultsCount" visibility="public" complexity="2" crap="2" count="11"/>
        <line num="104" type="stmt" count="11"/>
        <line num="105" type="stmt" count="10"/>
        <line num="108" type="stmt" count="1"/>
        <line num="111" type="method" name="getQueryInfoMessage" visibility="public" complexity="11" crap="11" count="10"/>
        <line num="113" type="stmt" count="10"/>
        <line num="115" type="stmt" count="10"/>
        <line num="116" type="stmt" count="0"/>
        <line num="119" type="stmt" count="10"/>
        <line num="120" type="stmt" count="1"/>
        <line num="121" type="stmt" count="1"/>
        <line num="123" type="stmt" count="1"/>
        <line num="124" type="stmt" count="1"/>
        <line num="129" type="stmt" count="9"/>
        <line num="130" type="stmt" count="9"/>
        <line num="132" type="stmt" count="9"/>
        <line num="133" type="stmt" count="1"/>
        <line num="134" type="stmt" count="1"/>
        <line num="137" type="stmt" count="9"/>
        <line num="138" type="stmt" count="2"/>
        <line num="139" type="stmt" count="2"/>
        <line num="141" type="stmt" count="2"/>
        <line num="142" type="stmt" count="2"/>
        <line num="145" type="stmt" count="7"/>
        <line num="146" type="stmt" count="7"/>
        <line num="147" type="stmt" count="3"/>
        <line num="148" type="stmt" count="3"/>
        <line num="150" type="stmt" count="3"/>
        <line num="151" type="stmt" count="3"/>
        <line num="154" type="stmt" count="4"/>
        <line num="155" type="stmt" count="2"/>
        <line num="156" type="stmt" count="2"/>
        <line num="158" type="stmt" count="2"/>
        <line num="159" type="stmt" count="2"/>
        <line num="160" type="stmt" count="2"/>
        <line num="163" type="stmt" count="2"/>
        <line num="164" type="stmt" count="1"/>
        <line num="165" type="stmt" count="1"/>
        <line num="167" type="stmt" count="1"/>
        <line num="168" type="stmt" count="1"/>
        <line num="169" type="stmt" count="1"/>
        <line num="173" type="stmt" count="1"/>
        <line num="174" type="stmt" count="1"/>
        <line num="176" type="stmt" count="1"/>
        <line num="182" type="method" name="getSmartDidYouMean" visibility="public" complexity="6" crap="6" count="4"/>
        <line num="184" type="stmt" count="4"/>
        <line num="186" type="stmt" count="4"/>
        <line num="187" type="stmt" count="0"/>
        <line num="190" type="stmt" count="4"/>
        <line num="191" type="stmt" count="4"/>
        <line num="192" type="stmt" count="4"/>
        <line num="194" type="stmt" count="4"/>
        <line num="195" type="stmt" count="1"/>
        <line num="196" type="stmt" count="1"/>
        <line num="197" type="stmt" count="1"/>
        <line num="201" type="stmt" count="4"/>
        <line num="202" type="stmt" count="1"/>
        <line num="203" type="stmt" count="1"/>
        <line num="205" type="stmt" count="1"/>
        <line num="206" type="stmt" count="1"/>
        <line num="209" type="stmt" count="3"/>
        <line num="210" type="stmt" count="1"/>
        <line num="211" type="stmt" count="1"/>
        <line num="213" type="stmt" count="1"/>
        <line num="214" type="stmt" count="1"/>
        <line num="217" type="stmt" count="2"/>
        <line num="218" type="stmt" count="1"/>
        <line num="219" type="stmt" count="1"/>
        <line num="221" type="stmt" count="1"/>
        <line num="222" type="stmt" count="1"/>
        <line num="226" type="stmt" count="1"/>
        <line num="233" type="method" name="getCategoryFilterName" visibility="private" complexity="4" crap="4.59" count="2"/>
        <line num="235" type="stmt" count="2"/>
        <line num="236" type="stmt" count="0"/>
        <line num="239" type="stmt" count="2"/>
        <line num="240" type="stmt" count="2"/>
        <line num="241" type="stmt" count="2"/>
        <line num="245" type="stmt" count="0"/>
        <line num="251" type="method" name="getVendorFilterName" visibility="private" complexity="4" crap="4.59" count="1"/>
        <line num="253" type="stmt" count="1"/>
        <line num="254" type="stmt" count="0"/>
        <line num="257" type="stmt" count="1"/>
        <line num="258" type="stmt" count="1"/>
        <line num="259" type="stmt" count="1"/>
        <line num="263" type="stmt" count="0"/>
        <metrics loc="265" ncloc="233" classes="1" methods="10" coveredmethods="3" conditionals="0" coveredconditionals="0" statements="97" coveredstatements="80" elements="107" coveredelements="83"/>
      </file>
      <file name="/home/rimantas/web/htdocs/findologic/devtool/37811/18/Findologic/src/Api/Response/ResponseParser.php">
        <class name="Findologic\Api\Response\ResponseParser" namespace="Findologic\Api\Response" fullPackage="Findologic" package="Findologic">
          <metrics complexity="35" methods="15" coveredmethods="10" conditionals="0" coveredconditionals="0" statements="86" coveredstatements="79" elements="101" coveredelements="89"/>
        </class>
        <line num="29" type="method" name="__construct" visibility="public" complexity="1" crap="1" count="10"/>
        <line num="33" type="stmt" count="10"/>
        <line num="34" type="stmt" count="10"/>
        <line num="35" type="stmt" count="10"/>
        <line num="37" type="method" name="parse" visibility="public" complexity="3" crap="3" count="10"/>
        <line num="40" type="stmt" count="10"/>
        <line num="43" type="stmt" count="10"/>
        <line num="44" type="stmt" count="10"/>
        <line num="45" type="stmt" count="10"/>
        <line num="46" type="stmt" count="1"/>
        <line num="48" type="stmt" count="10"/>
        <line num="49" type="stmt" count="10"/>
        <line num="50" type="stmt" count="10"/>
        <line num="51" type="stmt" count="10"/>
        <line num="52" type="stmt" count="10"/>
        <line num="53" type="stmt" count="9"/>
        <line num="54" type="stmt" count="9"/>
        <line num="55" type="stmt" count="9"/>
        <line num="56" type="stmt" count="1"/>
        <line num="57" type="stmt" count="1"/>
        <line num="58" type="stmt" count="1"/>
        <line num="61" type="stmt" count="10"/>
        <line num="69" type="method" name="loadXml" visibility="public" complexity="2" crap="2.06" count="10"/>
        <line num="71" type="stmt" count="10"/>
        <line num="72" type="stmt" count="10"/>
        <line num="73" type="stmt" count="0"/>
        <line num="76" type="stmt" count="10"/>
        <line num="82" type="method" name="handleLandingPage" visibility="public" complexity="1" crap="2" count="0"/>
        <line num="84" type="stmt" count="0"/>
        <line num="85" type="stmt" count="0"/>
        <line num="90" type="method" name="createResponseObject" visibility="public" complexity="1" crap="2" count="0"/>
        <line num="92" type="stmt" count="0"/>
        <line num="99" type="method" name="parseServers" visibility="protected" complexity="2" crap="2" count="10"/>
        <line num="101" type="stmt" count="10"/>
        <line num="103" type="stmt" count="10"/>
        <line num="104" type="stmt" count="10"/>
        <line num="105" type="stmt" count="10"/>
        <line num="108" type="stmt" count="10"/>
        <line num="115" type="method" name="parseQuery" visibility="protected" complexity="2" crap="2" count="10"/>
        <line num="117" type="stmt" count="10"/>
        <line num="119" type="stmt" count="10"/>
        <line num="120" type="stmt" count="10"/>
        <line num="121" type="stmt" count="10"/>
        <line num="122" type="stmt" count="10"/>
        <line num="124" type="stmt" count="10"/>
        <line num="125" type="stmt" count="10"/>
        <line num="128" type="stmt" count="10"/>
        <line num="135" type="method" name="parseLandingPage" visibility="protected" complexity="4" crap="4" count="10"/>
        <line num="137" type="stmt" count="10"/>
        <line num="138" type="stmt" count="1"/>
        <line num="139" type="stmt" count="10"/>
        <line num="141" type="stmt" count="9"/>
        <line num="144" type="stmt" count="1"/>
        <line num="151" type="method" name="parsePromotion" visibility="protected" complexity="3" crap="3" count="10"/>
        <line num="153" type="stmt" count="10"/>
        <line num="155" type="stmt" count="10"/>
        <line num="156" type="stmt" count="1"/>
        <line num="157" type="stmt" count="1"/>
        <line num="160" type="stmt" count="10"/>
        <line num="167" type="method" name="parseResults" visibility="protected" complexity="2" crap="2" count="10"/>
        <line num="169" type="stmt" count="10"/>
        <line num="171" type="stmt" count="10"/>
        <line num="172" type="stmt" count="10"/>
        <line num="175" type="stmt" count="10"/>
        <line num="182" type="method" name="parseProducts" visibility="protected" complexity="4" crap="4.18" count="10"/>
        <line num="184" type="stmt" count="10"/>
        <line num="186" type="stmt" count="10"/>
        <line num="187" type="stmt" count="1"/>
        <line num="189" type="stmt" count="1"/>
        <line num="190" type="stmt" count="1"/>
        <line num="193" type="stmt" count="1"/>
        <line num="194" type="stmt" count="0"/>
        <line num="197" type="stmt" count="0"/>
        <line num="201" type="stmt" count="9"/>
        <line num="204" type="method" name="parseQueryInfoMessage" visibility="protected" complexity="6" crap="6.01" count="9"/>
        <line num="206" type="stmt" count="9"/>
        <line num="207" type="stmt" count="0"/>
        <line num="210" type="stmt" count="9"/>
        <line num="211" type="stmt" count="9"/>
        <line num="212" type="stmt" count="9"/>
        <line num="213" type="stmt" count="9"/>
        <line num="214" type="stmt" count="2"/>
        <line num="215" type="stmt" count="9"/>
        <line num="217" type="stmt" count="9"/>
        <line num="220" type="stmt" count="9"/>
        <line num="221" type="stmt" count="9"/>
        <line num="222" type="stmt" count="9"/>
        <line num="223" type="stmt" count="9"/>
        <line num="224" type="stmt" count="9"/>
        <line num="225" type="stmt" count="9"/>
        <line num="226" type="stmt" count="9"/>
        <line num="234" type="method" name="getSelectedCategoryName" visibility="private" complexity="2" crap="2" count="9"/>
        <line num="236" type="stmt" count="9"/>
        <line num="238" type="stmt" count="9"/>
        <line num="239" type="stmt" count="2"/>
        <line num="241" type="stmt" count="2"/>
        <line num="244" type="stmt" count="9"/>
        <line num="251" type="method" name="getSelectedVendorName" visibility="private" complexity="1" crap="1" count="9"/>
        <line num="253" type="stmt" count="9"/>
        <line num="260" type="method" name="getShoppingGuide" visibility="private" complexity="1" crap="1" count="9"/>
        <line num="262" type="stmt" count="9"/>
        <metrics loc="264" ncloc="206" classes="1" methods="15" coveredmethods="10" conditionals="0" coveredconditionals="0" statements="86" coveredstatements="79" elements="101" coveredelements="89"/>
      </file>
    </package>
    <package name="Findologic\Api\Services">
      <file name="/home/rimantas/web/htdocs/findologic/devtool/37811/18/Findologic/src/Api/Services/Image.php">
        <class name="Findologic\Api\Services\Image" namespace="Findologic\Api\Services" fullPackage="Findologic" package="Findologic">
          <metrics complexity="5" methods="3" coveredmethods="0" conditionals="0" coveredconditionals="0" statements="12" coveredstatements="0" elements="15" coveredelements="0"/>
        </class>
        <line num="31" type="method" name="__construct" visibility="public" complexity="1" crap="2" count="0"/>
        <line num="33" type="stmt" count="0"/>
        <line num="34" type="stmt" count="0"/>
        <line num="35" type="stmt" count="0"/>
        <line num="41" type="method" name="isImageAccessible" visibility="public" complexity="2" crap="6" count="0"/>
        <line num="44" type="stmt" count="0"/>
        <line num="45" type="stmt" count="0"/>
        <line num="46" type="stmt" count="0"/>
        <line num="48" type="stmt" count="0"/>
        <line num="49" type="stmt" count="0"/>
        <line num="50" type="stmt" count="0"/>
        <line num="52" type="stmt" count="0"/>
        <line num="55" type="stmt" count="0"/>
        <line num="62" type="method" name="isStatusCodeSuccess" visibility="private" complexity="2" crap="6" count="0"/>
        <line num="64" type="stmt" count="0"/>
        <metrics loc="65" ncloc="42" classes="1" methods="3" coveredmethods="0" conditionals="0" coveredconditionals="0" statements="12" coveredstatements="0" elements="15" coveredelements="0"/>
      </file>
    </package>
    <package name="Findologic\Components">
      <file name="/home/rimantas/web/htdocs/findologic/devtool/37811/18/Findologic/src/Components/PluginConfig.php">
        <class name="Findologic\Components\PluginConfig" namespace="Findologic\Components" fullPackage="Findologic" package="Findologic">
          <metrics complexity="19" methods="11" coveredmethods="9" conditionals="0" coveredconditionals="0" statements="35" coveredstatements="33" elements="46" coveredelements="42"/>
        </class>
        <line num="32" type="method" name="__construct" visibility="public" complexity="1" crap="1" count="19"/>
        <line num="34" type="stmt" count="19"/>
        <line num="35" type="stmt" count="19"/>
        <line num="36" type="stmt" count="19"/>
        <line num="42" type="method" name="has" visibility="public" complexity="1" crap="1" count="1"/>
        <line num="44" type="stmt" count="1"/>
        <line num="52" type="method" name="get" visibility="public" complexity="1" crap="1" count="1"/>
        <line num="54" type="stmt" count="1"/>
        <line num="62" type="method" name="set" visibility="public" complexity="1" crap="1" count="1"/>
        <line num="64" type="stmt" count="1"/>
        <line num="72" type="method" name="prepend" visibility="public" complexity="1" crap="1" count="1"/>
        <line num="74" type="stmt" count="1"/>
        <line num="82" type="method" name="push" visibility="public" complexity="1" crap="1" count="1"/>
        <line num="84" type="stmt" count="1"/>
        <line num="90" type="method" name="getPrefix" visibility="public" complexity="1" crap="2" count="0"/>
        <line num="92" type="stmt" count="0"/>
        <line num="98" type="method" name="getShopKey" visibility="public" complexity="6" crap="6.02" count="14"/>
        <line num="100" type="stmt" count="14"/>
        <line num="101" type="stmt" count="14"/>
        <line num="103" type="stmt" count="14"/>
        <line num="104" type="stmt" count="3"/>
        <line num="108" type="stmt" count="11"/>
        <line num="109" type="stmt" count="11"/>
        <line num="110" type="stmt" count="0"/>
        <line num="113" type="stmt" count="11"/>
        <line num="114" type="stmt" count="5"/>
        <line num="115" type="stmt" count="6"/>
        <line num="116" type="stmt" count="4"/>
        <line num="118" type="stmt" count="2"/>
        <line num="122" type="method" name="parseShopKeys" visibility="private" complexity="4" crap="4" count="14"/>
        <line num="124" type="stmt" count="14"/>
        <line num="125" type="stmt" count="14"/>
        <line num="126" type="stmt" count="14"/>
        <line num="129" type="stmt" count="14"/>
        <line num="130" type="stmt" count="2"/>
        <line num="133" type="stmt" count="12"/>
        <line num="135" type="stmt" count="12"/>
        <line num="136" type="stmt" count="11"/>
        <line num="138" type="stmt" count="11"/>
        <line num="139" type="stmt" count="9"/>
        <line num="141" type="stmt" count="4"/>
        <line num="144" type="stmt" count="12"/>
        <line num="149" type="method" name="getShopkeys" visibility="public" complexity="1" crap="1" count="7"/>
        <line num="151" type="stmt" count="7"/>
        <line num="157" type="method" name="getCurrentSessionLanguageCode" visibility="protected" complexity="1" crap="1" count="11"/>
        <line num="159" type="stmt" count="11"/>
        <metrics loc="161" ncloc="112" classes="1" methods="11" coveredmethods="9" conditionals="0" coveredconditionals="0" statements="35" coveredstatements="33" elements="46" coveredelements="42"/>
      </file>
    </package>
    <package name="Findologic\Constants">
      <file name="/home/rimantas/web/htdocs/findologic/devtool/37811/18/Findologic/src/Constants/Plugin.php">
        <class name="Findologic\Constants\Plugin" namespace="Findologic\Constants" fullPackage="Findologic" package="Findologic">
          <metrics complexity="0" methods="0" coveredmethods="0" conditionals="0" coveredconditionals="0" statements="0" coveredstatements="0" elements="0" coveredelements="0"/>
        </class>
        <metrics loc="54" ncloc="50" classes="0" methods="0" coveredmethods="0" conditionals="0" coveredconditionals="0" statements="0" coveredstatements="0" elements="0" coveredelements="0"/>
      </file>
    </package>
    <package name="Findologic\Containers">
      <file name="/home/rimantas/web/htdocs/findologic/devtool/37811/18/Findologic/src/Containers/PromotionContainer.php">
        <class name="Findologic\Containers\PromotionContainer" namespace="Findologic\Containers" fullPackage="Findologic" package="Findologic">
          <metrics complexity="2" methods="1" coveredmethods="0" conditionals="0" coveredconditionals="0" statements="12" coveredstatements="0" elements="13" coveredelements="0"/>
        </class>
        <line num="20" type="method" name="call" visibility="public" complexity="2" crap="6" count="0"/>
        <line num="21" type="stmt" count="0"/>
        <line num="22" type="stmt" count="0"/>
        <line num="23" type="stmt" count="0"/>
        <line num="24" type="stmt" count="0"/>
        <line num="26" type="stmt" count="0"/>
        <line num="28" type="stmt" count="0"/>
        <line num="29" type="stmt" count="0"/>
        <line num="30" type="stmt" count="0"/>
        <line num="31" type="stmt" count="0"/>
        <line num="32" type="stmt" count="0"/>
        <line num="33" type="stmt" count="0"/>
        <line num="34" type="stmt" count="0"/>
        <metrics loc="35" ncloc="26" classes="1" methods="1" coveredmethods="0" conditionals="0" coveredconditionals="0" statements="12" coveredstatements="0" elements="13" coveredelements="0"/>
      </file>
      <file name="/home/rimantas/web/htdocs/findologic/devtool/37811/18/Findologic/src/Containers/SearchFilterContainer.php">
        <class name="Findologic\Containers\SearchFilterContainer" namespace="Findologic\Containers" fullPackage="Findologic" package="Findologic">
          <metrics complexity="2" methods="1" coveredmethods="0" conditionals="0" coveredconditionals="0" statements="13" coveredstatements="0" elements="14" coveredelements="0"/>
        </class>
        <line num="15" type="method" name="call" visibility="public" complexity="2" crap="6" count="0"/>
        <line num="16" type="stmt" count="0"/>
        <line num="17" type="stmt" count="0"/>
        <line num="18" type="stmt" count="0"/>
        <line num="19" type="stmt" count="0"/>
        <line num="21" type="stmt" count="0"/>
        <line num="23" type="stmt" count="0"/>
        <line num="24" type="stmt" count="0"/>
        <line num="25" type="stmt" count="0"/>
        <line num="26" type="stmt" count="0"/>
        <line num="27" type="stmt" count="0"/>
        <line num="28" type="stmt" count="0"/>
        <line num="29" type="stmt" count="0"/>
        <line num="30" type="stmt" count="0"/>
        <metrics loc="31" ncloc="27" classes="1" methods="1" coveredmethods="0" conditionals="0" coveredconditionals="0" statements="13" coveredstatements="0" elements="14" coveredelements="0"/>
      </file>
      <file name="/home/rimantas/web/htdocs/findologic/devtool/37811/18/Findologic/src/Containers/SmartDidYouMeanContainer.php">
        <class name="Findologic\Containers\SmartDidYouMeanContainer" namespace="Findologic\Containers" fullPackage="Findologic" package="Findologic">
          <metrics complexity="2" methods="1" coveredmethods="0" conditionals="0" coveredconditionals="0" statements="13" coveredstatements="0" elements="14" coveredelements="0"/>
        </class>
        <line num="20" type="method" name="call" visibility="public" complexity="2" crap="6" count="0"/>
        <line num="21" type="stmt" count="0"/>
        <line num="22" type="stmt" count="0"/>
        <line num="23" type="stmt" count="0"/>
        <line num="24" type="stmt" count="0"/>
        <line num="26" type="stmt" count="0"/>
        <line num="28" type="stmt" count="0"/>
        <line num="29" type="stmt" count="0"/>
        <line num="30" type="stmt" count="0"/>
        <line num="31" type="stmt" count="0"/>
        <line num="32" type="stmt" count="0"/>
        <line num="33" type="stmt" count="0"/>
        <line num="34" type="stmt" count="0"/>
        <line num="35" type="stmt" count="0"/>
        <metrics loc="36" ncloc="27" classes="1" methods="1" coveredmethods="0" conditionals="0" coveredconditionals="0" statements="13" coveredstatements="0" elements="14" coveredelements="0"/>
      </file>
    </package>
    <package name="Findologic\Contexts">
      <file name="/home/rimantas/web/htdocs/findologic/devtool/37811/18/Findologic/src/Contexts/FindologicCategoryItemContext.php">
        <class name="Findologic\Contexts\FindologicCategoryItemContext" namespace="Findologic\Contexts">
          <metrics complexity="1" methods="1" coveredmethods="0" conditionals="0" coveredconditionals="0" statements="6" coveredstatements="0" elements="7" coveredelements="0"/>
        </class>
        <line num="12" type="method" name="init" visibility="public" complexity="1" crap="2" count="0"/>
        <line num="13" type="stmt" count="0"/>
        <line num="14" type="stmt" count="0"/>
        <line num="17" type="stmt" count="0"/>
        <line num="18" type="stmt" count="0"/>
        <line num="19" type="stmt" count="0"/>
        <line num="20" type="stmt" count="0"/>
        <metrics loc="21" ncloc="20" classes="1" methods="1" coveredmethods="0" conditionals="0" coveredconditionals="0" statements="6" coveredstatements="0" elements="7" coveredelements="0"/>
      </file>
      <file name="/home/rimantas/web/htdocs/findologic/devtool/37811/18/Findologic/src/Contexts/FindologicItemSearchContext.php">
        <class name="Findologic\Contexts\FindologicItemSearchContext" namespace="Findologic\Contexts">
          <metrics complexity="1" methods="1" coveredmethods="0" conditionals="0" coveredconditionals="0" statements="6" coveredstatements="0" elements="7" coveredelements="0"/>
        </class>
        <line num="12" type="method" name="init" visibility="public" complexity="1" crap="2" count="0"/>
        <line num="13" type="stmt" count="0"/>
        <line num="14" type="stmt" count="0"/>
        <line num="17" type="stmt" count="0"/>
        <line num="18" type="stmt" count="0"/>
        <line num="19" type="stmt" count="0"/>
        <line num="20" type="stmt" count="0"/>
        <metrics loc="21" ncloc="20" classes="1" methods="1" coveredmethods="0" conditionals="0" coveredconditionals="0" statements="6" coveredstatements="0" elements="7" coveredelements="0"/>
      </file>
    </package>
    <package name="Findologic\Exception">
      <file name="/home/rimantas/web/htdocs/findologic/devtool/37811/18/Findologic/src/Exception/AliveException.php">
        <class name="Findologic\Exception\AliveException" namespace="Findologic\Exception" fullPackage="Findologic" package="Findologic">
          <metrics complexity="0" methods="0" coveredmethods="0" conditionals="0" coveredconditionals="0" statements="0" coveredstatements="0" elements="0" coveredelements="0"/>
        </class>
        <metrics loc="10" ncloc="6" classes="0" methods="0" coveredmethods="0" conditionals="0" coveredconditionals="0" statements="0" coveredstatements="0" elements="0" coveredelements="0"/>
      </file>
    </package>
    <package name="Findologic\Helpers">
      <file name="/home/rimantas/web/htdocs/findologic/devtool/37811/18/Findologic/src/Helpers/Tags.php">
        <class name="Findologic\Helpers\Tags" namespace="Findologic\Helpers">
          <metrics complexity="2" methods="2" coveredmethods="2" conditionals="0" coveredconditionals="0" statements="5" coveredstatements="5" elements="7" coveredelements="7"/>
        </class>
        <line num="9" type="method" name="isTagPage" visibility="public" complexity="1" crap="1" count="12"/>
        <line num="11" type="stmt" count="12"/>
        <line num="14" type="method" name="getTagIdFromUri" visibility="public" complexity="1" crap="1" count="1"/>
        <line num="16" type="stmt" count="1"/>
        <line num="18" type="stmt" count="1"/>
        <line num="20" type="stmt" count="1"/>
        <line num="22" type="stmt" count="1"/>
        <metrics loc="24" ncloc="24" classes="1" methods="2" coveredmethods="2" conditionals="0" coveredconditionals="0" statements="5" coveredstatements="5" elements="7" coveredelements="7"/>
      </file>
    </package>
    <package name="Findologic\Middlewares">
      <file name="/home/rimantas/web/htdocs/findologic/devtool/37811/18/Findologic/src/Middlewares/Middleware.php">
        <class name="Findologic\Middlewares\Middleware" namespace="Findologic\Middlewares" fullPackage="Findologic" package="Findologic">
          <metrics complexity="20" methods="8" coveredmethods="2" conditionals="0" coveredconditionals="0" statements="35" coveredstatements="17" elements="43" coveredelements="19"/>
        </class>
        <line num="60" type="method" name="__construct" visibility="public" complexity="1" crap="1" count="5"/>
        <line num="65" type="stmt" count="5"/>
        <line num="66" type="stmt" count="5"/>
        <line num="67" type="stmt" count="5"/>
        <line num="68" type="stmt" count="5"/>
        <line num="73" type="method" name="before" visibility="public" complexity="9" crap="9" count="5"/>
        <line num="75" type="stmt" count="5"/>
        <line num="76" type="stmt" count="1"/>
        <line num="79" type="stmt" count="4"/>
        <line num="80" type="stmt" count="1"/>
        <line num="82" type="stmt" count="1"/>
        <line num="85" type="stmt" count="3"/>
        <line num="86" type="stmt" count="3"/>
        <line num="88" type="stmt" count="3"/>
        <line num="89" type="stmt" count="3"/>
        <line num="90" type="method" name="anonymousFunction:90#411" complexity="3" crap="9.76" count="3"/>
        <line num="91" type="stmt" count="0"/>
        <line num="92" type="stmt" count="0"/>
        <line num="93" type="stmt" count="0"/>
        <line num="96" type="stmt" count="0"/>
        <line num="97" type="stmt" count="0"/>
        <line num="99" type="stmt" count="0"/>
        <line num="100" type="stmt" count="0"/>
        <line num="101" type="stmt" count="0"/>
        <line num="105" type="stmt" count="0"/>
        <line num="106" type="stmt" count="0"/>
        <line num="108" type="stmt" count="3"/>
        <line num="111" type="stmt" count="3"/>
        <line num="112" type="stmt" count="1"/>
        <line num="113" type="stmt" count="1"/>
        <line num="114" type="method" name="anonymousFunction:114#568" complexity="1" crap="1.12" count="1"/>
        <line num="115" type="stmt" count="0"/>
        <line num="116" type="stmt" count="1"/>
        <line num="119" type="method" name="anonymousFunction:119#611" complexity="2" crap="3.19" count="1"/>
        <line num="120" type="stmt" count="0"/>
        <line num="121" type="stmt" count="0"/>
        <line num="123" type="stmt" count="1"/>
        <line num="126" type="stmt" count="3"/>
        <line num="127" type="stmt" count="3"/>
        <line num="128" type="method" name="anonymousFunction:128#665" complexity="1" crap="1.12" count="3"/>
        <line num="129" type="stmt" count="0"/>
        <line num="130" type="stmt" count="3"/>
        <line num="132" type="stmt" count="3"/>
        <line num="139" type="method" name="after" visibility="public" complexity="1" crap="2" count="0"/>
        <line num="141" type="stmt" count="0"/>
        <line num="147" type="method" name="getLoggerObject" visibility="protected" complexity="2" crap="6" count="0"/>
        <line num="149" type="stmt" count="0"/>
        <line num="150" type="stmt" count="0"/>
        <line num="153" type="stmt" count="0"/>
        <metrics loc="155" ncloc="122" classes="1" methods="8" coveredmethods="2" conditionals="0" coveredconditionals="0" statements="41" coveredstatements="23" elements="49" coveredelements="25"/>
      </file>
    </package>
    <package name="Findologic\Providers">
      <file name="/home/rimantas/web/htdocs/findologic/devtool/37811/18/Findologic/src/Providers/FindologicServiceProvider.php">
        <class name="Findologic\Providers\FindologicServiceProvider" namespace="Findologic\Providers" fullPackage="Findologic" package="Findologic">
          <metrics complexity="4" methods="4" coveredmethods="0" conditionals="0" coveredconditionals="0" statements="12" coveredstatements="0" elements="16" coveredelements="0"/>
        </class>
        <line num="21" type="method" name="register" visibility="public" complexity="1" crap="2" count="0"/>
        <line num="22" type="stmt" count="0"/>
        <line num="23" type="stmt" count="0"/>
        <line num="24" type="stmt" count="0"/>
        <line num="25" type="stmt" count="0"/>
        <line num="26" type="stmt" count="0"/>
        <line num="28" type="method" name="boot" visibility="public" complexity="1" crap="2" count="0"/>
        <line num="29" type="stmt" count="0"/>
        <line num="30" type="method" name="anonymousFunction:30#181" complexity="1" crap="2" count="0"/>
        <line num="31" type="stmt" count="0"/>
        <line num="32" type="stmt" count="0"/>
        <line num="33" type="stmt" count="0"/>
        <line num="34" type="method" name="anonymousFunction:34#225" complexity="1" crap="2" count="0"/>
        <line num="35" type="stmt" count="0"/>
        <line num="36" type="stmt" count="0"/>
        <line num="37" type="stmt" count="0"/>
        <line num="38" type="stmt" count="0"/>
        <metrics loc="39" ncloc="35" classes="1" methods="4" coveredmethods="0" conditionals="0" coveredconditionals="0" statements="13" coveredstatements="0" elements="17" coveredelements="0"/>
      </file>
    </package>
    <package name="Findologic\Services">
      <file name="/home/rimantas/web/htdocs/findologic/devtool/37811/18/Findologic/src/Services/FallbackSearchService.php">
        <class name="Findologic\Services\FallbackSearchService" namespace="Findologic\Services">
          <metrics complexity="8" methods="7" coveredmethods="0" conditionals="0" coveredconditionals="0" statements="31" coveredstatements="0" elements="38" coveredelements="0"/>
        </class>
        <line num="22" type="method" name="__construct" visibility="public" complexity="1" crap="2" count="0"/>
        <line num="26" type="stmt" count="0"/>
        <line num="27" type="stmt" count="0"/>
        <line num="33" type="method" name="handleSearchOptions" visibility="public" complexity="1" crap="2" count="0"/>
        <line num="39" type="stmt" count="0"/>
        <line num="46" type="method" name="handleSearchQuery" visibility="public" complexity="1" crap="2" count="0"/>
        <line num="48" type="stmt" count="0"/>
        <line num="50" type="stmt" count="0"/>
        <line num="51" type="stmt" count="0"/>
        <line num="52" type="stmt" count="0"/>
        <line num="54" type="stmt" count="0"/>
        <line num="62" type="method" name="getSearchResults" visibility="private" complexity="1" crap="2" count="0"/>
        <line num="65" type="stmt" count="0"/>
        <line num="66" type="stmt" count="0"/>
        <line num="67" type="stmt" count="0"/>
        <line num="68" type="stmt" count="0"/>
        <line num="69" type="stmt" count="0"/>
        <line num="70" type="stmt" count="0"/>
        <line num="71" type="stmt" count="0"/>
        <line num="72" type="stmt" count="0"/>
        <line num="76" type="stmt" count="0"/>
        <line num="77" type="stmt" count="0"/>
        <line num="81" type="stmt" count="0"/>
        <line num="83" type="stmt" count="0"/>
        <line num="92" type="method" name="anonymousFunction:92#472" complexity="1" crap="2" count="0"/>
        <line num="94" type="stmt" count="0"/>
        <line num="95" type="stmt" count="0"/>
        <line num="96" type="stmt" count="0"/>
        <line num="98" type="stmt" count="0"/>
        <line num="101" type="stmt" count="0"/>
        <line num="102" type="stmt" count="0"/>
        <line num="103" type="stmt" count="0"/>
        <line num="107" type="stmt" count="0"/>
        <line num="108" type="stmt" count="0"/>
        <line num="111" type="stmt" count="0"/>
        <line num="117" type="method" name="setSearchDataResults" visibility="private" complexity="1" crap="2" count="0"/>
        <line num="119" type="stmt" count="0"/>
        <line num="120" type="stmt" count="0"/>
        <line num="121" type="stmt" count="0"/>
        <line num="122" type="stmt" count="0"/>
        <line num="128" type="method" name="setFilters" visibility="private" complexity="1" crap="2" count="0"/>
        <line num="129" type="stmt" count="0"/>
        <line num="130" type="stmt" count="0"/>
        <metrics loc="131" ncloc="97" classes="1" methods="7" coveredmethods="0" conditionals="0" coveredconditionals="0" statements="36" coveredstatements="0" elements="43" coveredelements="0"/>
      </file>
      <file name="/home/rimantas/web/htdocs/findologic/devtool/37811/18/Findologic/src/Services/SearchService.php">
        <class name="Findologic\Services\SearchService" namespace="Findologic\Services" fullPackage="Findologic" package="Findologic">
          <metrics complexity="71" methods="21" coveredmethods="6" conditionals="0" coveredconditionals="0" statements="141" coveredstatements="107" elements="162" coveredelements="113"/>
        </class>
        <line num="80" type="method" name="__construct" visibility="public" complexity="1" crap="1" count="20"/>
        <line num="89" type="stmt" count="20"/>
        <line num="90" type="stmt" count="20"/>
        <line num="91" type="stmt" count="20"/>
        <line num="92" type="stmt" count="20"/>
        <line num="93" type="stmt" count="20"/>
        <line num="94" type="stmt" count="20"/>
        <line num="95" type="stmt" count="20"/>
        <line num="97" type="stmt" count="20"/>
        <line num="98" type="stmt" count="20"/>
        <line num="99" type="stmt" count="20"/>
        <line num="104" type="method" name="getItemSearchService" visibility="public" complexity="1" crap="2" count="0"/>
        <line num="106" type="stmt" count="0"/>
        <line num="109" type="method" name="getSearchFactory" visibility="public" complexity="1" crap="2" count="0"/>
        <line num="111" type="stmt" count="0"/>
        <line num="114" type="method" name="getPluginRepository" visibility="public" complexity="1" crap="2" count="0"/>
        <line num="116" type="stmt" count="0"/>
        <line num="122" type="method" name="getCategoryService" visibility="public" complexity="2" crap="6" count="0"/>
        <line num="124" type="stmt" count="0"/>
        <line num="125" type="stmt" count="0"/>
        <line num="128" type="stmt" count="0"/>
        <line num="134" type="method" name="getResults" visibility="public" complexity="1" crap="1" count="10"/>
        <line num="136" type="stmt" count="10"/>
        <line num="144" type="method" name="doSearch" visibility="public" complexity="4" crap="4.02" count="16"/>
        <line num="146" type="stmt" count="16"/>
        <line num="148" type="stmt" count="16"/>
        <line num="149" type="stmt" count="16"/>
        <line num="151" type="stmt" count="0"/>
        <line num="154" type="stmt" count="15"/>
        <line num="155" type="stmt" count="8"/>
        <line num="156" type="stmt" count="8"/>
        <line num="161" type="stmt" count="15"/>
        <line num="162" type="stmt" count="15"/>
        <line num="169" type="method" name="doNavigation" visibility="public" complexity="2" crap="6" count="0"/>
        <line num="171" type="stmt" count="0"/>
        <line num="173" type="stmt" count="0"/>
        <line num="174" type="stmt" count="0"/>
        <line num="175" type="stmt" count="0"/>
        <line num="177" type="stmt" count="0"/>
        <line num="180" type="stmt" count="0"/>
        <line num="181" type="stmt" count="0"/>
        <line num="182" type="stmt" count="0"/>
        <line num="184" type="stmt" count="0"/>
        <line num="189" type="method" name="handleSearchQuery" visibility="public" complexity="7" crap="7.07" count="1"/>
        <line num="191" type="stmt" count="1"/>
        <line num="192" type="stmt" count="1"/>
        <line num="195" type="stmt" count="1"/>
        <line num="196" type="stmt" count="0"/>
        <line num="198" type="stmt" count="1"/>
        <line num="200" type="stmt" count="1"/>
        <line num="201" type="stmt" count="1"/>
        <line num="202" type="stmt" count="1"/>
        <line num="205" type="stmt" count="1"/>
        <line num="211" type="method" name="handleSearchOptions" visibility="public" complexity="2" crap="6" count="0"/>
        <line num="214" type="stmt" count="0"/>
        <line num="215" type="stmt" count="0"/>
        <line num="216" type="stmt" count="0"/>
        <line num="217" type="stmt" count="0"/>
        <line num="219" type="stmt" count="0"/>
        <line num="227" type="method" name="search" visibility="public" complexity="4" crap="4" count="16"/>
        <line num="229" type="stmt" count="16"/>
        <line num="230" type="stmt" count="16"/>
        <line num="231" type="stmt" count="2"/>
        <line num="232" type="stmt" count="2"/>
        <line num="235" type="stmt" count="2"/>
        <line num="238" type="stmt" count="16"/>
        <line num="239" type="stmt" count="16"/>
        <line num="241" type="stmt" count="16"/>
        <line num="243" type="stmt" count="16"/>
        <line num="245" type="stmt" count="16"/>
        <line num="251" type="method" name="aliveTest" visibility="public" complexity="1" crap="2" count="0"/>
        <line num="253" type="stmt" count="0"/>
        <line num="254" type="stmt" count="0"/>
        <line num="256" type="stmt" count="0"/>
        <line num="259" type="method" name="handleProductRedirectUrl" visibility="public" complexity="1" crap="2" count="0"/>
        <line num="261" type="stmt" count="0"/>
        <line num="262" type="stmt" count="0"/>
        <line num="268" type="method" name="shouldFilterInvalidProducts" visibility="public" complexity="8" crap="8.51" count="20"/>
        <line num="270" type="stmt" count="20"/>
        <line num="271" type="stmt" count="17"/>
        <line num="275" type="stmt" count="3"/>
        <line num="277" type="stmt" count="3"/>
        <line num="278" type="stmt" count="0"/>
        <line num="281" type="stmt" count="3"/>
        <line num="282" type="stmt" count="0"/>
        <line num="285" type="stmt" count="3"/>
        <line num="286" type="stmt" count="2"/>
        <line num="289" type="stmt" count="1"/>
        <line num="292" type="method" name="filterInvalidVariationIds" visibility="private" complexity="4" crap="4" count="16"/>
        <line num="294" type="stmt" count="16"/>
        <line num="295" type="stmt" count="16"/>
        <line num="298" type="stmt" count="16"/>
        <line num="300" type="stmt" count="16"/>
        <line num="301" type="stmt" count="15"/>
        <line num="302" type="stmt" count="15"/>
        <line num="306" type="stmt" count="15"/>
        <line num="309" type="method" name="removeInvalidVariationIds" visibility="private" complexity="5" crap="5.07" count="15"/>
        <line num="311" type="stmt" count="15"/>
        <line num="312" type="stmt" count="0"/>
        <line num="315" type="stmt" count="15"/>
        <line num="316" type="stmt" count="15"/>
        <line num="317" type="stmt" count="15"/>
        <line num="318" type="stmt" count="15"/>
        <line num="322" type="stmt" count="15"/>
        <line num="325" type="method" name="shouldRedirectToProductDetailPage" visibility="private" complexity="7" crap="7" count="15"/>
        <line num="327" type="stmt" count="15"/>
        <line num="328" type="stmt" count="1"/>
        <line num="331" type="stmt" count="14"/>
        <line num="332" type="stmt" count="14"/>
        <line num="333" type="stmt" count="14"/>
        <line num="334" type="stmt" count="4"/>
        <line num="337" type="stmt" count="10"/>
        <line num="339" type="stmt" count="10"/>
        <line num="340" type="stmt" count="10"/>
        <line num="342" type="stmt" count="10"/>
        <line num="348" type="method" name="getProductDetailUrl" visibility="private" complexity="4" crap="4.01" count="8"/>
        <line num="351" type="stmt" count="8"/>
        <line num="353" type="stmt" count="8"/>
        <line num="354" type="stmt" count="8"/>
        <line num="355" type="stmt" count="8"/>
        <line num="358" type="stmt" count="8"/>
        <line num="359" type="stmt" count="0"/>
        <line num="362" type="stmt" count="8"/>
        <line num="364" type="stmt" count="8"/>
        <line num="365" type="stmt" count="8"/>
        <line num="366" type="stmt" count="8"/>
        <line num="367" type="stmt" count="8"/>
        <line num="370" type="stmt" count="8"/>
        <line num="381" type="method" name="getVariationIdForRedirect" visibility="private" complexity="8" crap="8" count="8"/>
        <line num="383" type="stmt" count="8"/>
        <line num="384" type="stmt" count="8"/>
        <line num="385" type="stmt" count="8"/>
        <line num="386" type="stmt" count="8"/>
        <line num="387" type="stmt" count="8"/>
        <line num="390" type="stmt" count="8"/>
        <line num="391" type="stmt" count="7"/>
        <line num="392" type="stmt" count="8"/>
        <line num="394" type="stmt" count="3"/>
        <line num="397" type="stmt" count="7"/>
        <line num="398" type="stmt" count="2"/>
        <line num="399" type="stmt" count="1"/>
        <line num="403" type="stmt" count="7"/>
        <line num="404" type="stmt" count="7"/>
        <line num="408" type="stmt" count="4"/>
        <line num="414" type="method" name="getCeresVersion" visibility="private" complexity="2" crap="2.06" count="20"/>
        <line num="416" type="stmt" count="20"/>
        <line num="417" type="stmt" count="20"/>
        <line num="418" type="stmt" count="0"/>
        <line num="421" type="stmt" count="20"/>
        <line num="427" type="method" name="buildItemURL" visibility="private" complexity="5" crap="5.12" count="8"/>
        <line num="429" type="stmt" count="8"/>
        <line num="430" type="stmt" count="8"/>
        <line num="432" type="stmt" count="8"/>
        <line num="433" type="stmt" count="0"/>
        <line num="437" type="stmt" count="8"/>
        <line num="439" type="stmt" count="8"/>
        <line num="440" type="stmt" count="8"/>
        <line num="441" type="stmt" count="0"/>
        <line num="443" type="stmt" count="8"/>
        <line num="445" type="stmt" count="8"/>
        <line num="446" type="stmt" count="8"/>
        <line num="447" type="stmt" count="8"/>
        <metrics loc="450" ncloc="359" classes="1" methods="21" coveredmethods="6" conditionals="0" coveredconditionals="0" statements="141" coveredstatements="107" elements="162" coveredelements="113"/>
      </file>
    </package>
    <package name="Findologic\Services\Search">
      <file name="/home/rimantas/web/htdocs/findologic/devtool/37811/18/Findologic/src/Services/Search/ParametersHandler.php">
        <class name="Findologic\Services\Search\ParametersHandler" namespace="Findologic\Services\Search" fullPackage="Findologic" package="Findologic">
          <metrics complexity="25" methods="8" coveredmethods="3" conditionals="0" coveredconditionals="0" statements="43" coveredstatements="16" elements="51" coveredelements="19"/>
        </class>
        <line num="36" type="method" name="getConfig" visibility="public" complexity="2" crap="6" count="0"/>
        <line num="38" type="stmt" count="0"/>
        <line num="39" type="stmt" count="0"/>
        <line num="42" type="stmt" count="0"/>
        <line num="48" type="method" name="getTranslator" visibility="public" complexity="2" crap="6" count="0"/>
        <line num="50" type="stmt" count="0"/>
        <line num="51" type="stmt" count="0"/>
        <line num="54" type="stmt" count="0"/>
        <line num="62" type="method" name="handlePaginationAndSorting" visibility="public" complexity="5" crap="30" count="0"/>
        <line num="65" type="stmt" count="0"/>
        <line num="67" type="stmt" count="0"/>
        <line num="68" type="stmt" count="0"/>
        <line num="70" type="stmt" count="0"/>
        <line num="71" type="stmt" count="0"/>
        <line num="72" type="stmt" count="0"/>
        <line num="75" type="stmt" count="0"/>
        <line num="76" type="stmt" count="0"/>
        <line num="78" type="stmt" count="0"/>
        <line num="81" type="method" name="getSortingOptions" visibility="public" complexity="3" crap="3" count="4"/>
        <line num="83" type="stmt" count="4"/>
        <line num="84" type="stmt" count="1"/>
        <line num="87" type="stmt" count="3"/>
        <line num="90" type="method" name="getPlentymarketsSortingOptions" visibility="public" complexity="2" crap="2" count="1"/>
        <line num="93" type="stmt" count="1"/>
        <line num="95" type="stmt" count="1"/>
        <line num="97" type="stmt" count="1"/>
        <line num="98" type="stmt" count="1"/>
        <line num="101" type="stmt" count="1"/>
        <line num="104" type="method" name="getFindologicSortingOptions" visibility="public" complexity="5" crap="5" count="3"/>
        <line num="107" type="stmt" count="3"/>
        <line num="109" type="stmt" count="3"/>
        <line num="111" type="stmt" count="3"/>
        <line num="112" type="stmt" count="3"/>
        <line num="113" type="stmt" count="3"/>
        <line num="117" type="stmt" count="3"/>
        <line num="118" type="stmt" count="1"/>
        <line num="121" type="stmt" count="3"/>
        <line num="128" type="method" name="getItemsPerPage" visibility="public" complexity="4" crap="20" count="0"/>
        <line num="130" type="stmt" count="0"/>
        <line num="131" type="stmt" count="0"/>
        <line num="135" type="stmt" count="0"/>
        <line num="137" type="stmt" count="0"/>
        <line num="138" type="stmt" count="0"/>
        <line num="139" type="stmt" count="0"/>
        <line num="143" type="stmt" count="0"/>
        <line num="151" type="method" name="getCurrentItemsPerPage" visibility="public" complexity="2" crap="6" count="0"/>
        <line num="153" type="stmt" count="0"/>
        <line num="155" type="stmt" count="0"/>
        <line num="156" type="stmt" count="0"/>
        <line num="157" type="stmt" count="0"/>
        <line num="160" type="stmt" count="0"/>
        <metrics loc="161" ncloc="124" classes="1" methods="8" coveredmethods="3" conditionals="0" coveredconditionals="0" statements="43" coveredstatements="16" elements="51" coveredelements="19"/>
      </file>
    </package>
    <file name="/home/rimantas/web/htdocs/findologic/devtool/37811/18/Findologic/src/Services/SearchServiceInterface.php">
      <metrics loc="25" ncloc="13" classes="0" methods="0" coveredmethods="0" conditionals="0" coveredconditionals="0" statements="0" coveredstatements="0" elements="0" coveredelements="0"/>
    </file>
    <metrics files="23" loc="2824" ncloc="2198" classes="20" methods="131" coveredmethods="54" conditionals="0" coveredconditionals="0" statements="809" coveredstatements="533" elements="940" coveredelements="587"/>
  </project>
</coverage>
