<?xml version="1.0" encoding="UTF-8"?>
<testsuites>
  <testsuite name="/home/rimantas/web/htdocs/findologic/plugin-plentymarkets-ceres-api/tests" tests="110" assertions="216" errors="6" failures="0" skipped="0" time="0.411161">
    <testsuite name="Findologic\Tests\Api\Request\ParametersBuilderTest" file="/home/rimantas/web/htdocs/findologic/devtool/37811/18/Findologic/tests/Api/Request/ParametersBuilderTest.php" tests="10" assertions="20" errors="0" failures="0" skipped="0" time="0.040774">
      <testsuite name="Findologic\Tests\Api\Request\ParametersBuilderTest::testSetSearchParams" tests="9" assertions="18" errors="0" failures="0" skipped="0" time="0.039096">
        <testcase name="testSetSearchParams with data set &quot;Category page request&quot;" class="Findologic\Tests\Api\Request\ParametersBuilderTest" classname="Findologic.Tests.Api.Request.ParametersBuilderTest" file="/home/rimantas/web/htdocs/findologic/devtool/37811/18/Findologic/tests/Api/Request/ParametersBuilderTest.php" line="303" assertions="2" time="0.018438"/>
        <testcase name="testSetSearchParams with data set &quot;Category page request with same price slider min and max values&quot;" class="Findologic\Tests\Api\Request\ParametersBuilderTest" classname="Findologic.Tests.Api.Request.ParametersBuilderTest" file="/home/rimantas/web/htdocs/findologic/devtool/37811/18/Findologic/tests/Api/Request/ParametersBuilderTest.php" line="303" assertions="2" time="0.003167"/>
        <testcase name="testSetSearchParams with data set &quot;Search page request&quot;" class="Findologic\Tests\Api\Request\ParametersBuilderTest" classname="Findologic.Tests.Api.Request.ParametersBuilderTest" file="/home/rimantas/web/htdocs/findologic/devtool/37811/18/Findologic/tests/Api/Request/ParametersBuilderTest.php" line="303" assertions="2" time="0.002250"/>
        <testcase name="testSetSearchParams with data set &quot;Search page request with same price slider min and max values&quot;" class="Findologic\Tests\Api\Request\ParametersBuilderTest" classname="Findologic.Tests.Api.Request.ParametersBuilderTest" file="/home/rimantas/web/htdocs/findologic/devtool/37811/18/Findologic/tests/Api/Request/ParametersBuilderTest.php" line="303" assertions="2" time="0.002292"/>
        <testcase name="testSetSearchParams with data set &quot;Force original query enabled&quot;" class="Findologic\Tests\Api\Request\ParametersBuilderTest" classname="Findologic.Tests.Api.Request.ParametersBuilderTest" file="/home/rimantas/web/htdocs/findologic/devtool/37811/18/Findologic/tests/Api/Request/ParametersBuilderTest.php" line="303" assertions="2" time="0.002959"/>
        <testcase name="testSetSearchParams with data set &quot;Force original query disabled&quot;" class="Findologic\Tests\Api\Request\ParametersBuilderTest" classname="Findologic.Tests.Api.Request.ParametersBuilderTest" file="/home/rimantas/web/htdocs/findologic/devtool/37811/18/Findologic/tests/Api/Request/ParametersBuilderTest.php" line="303" assertions="2" time="0.002179"/>
        <testcase name="testSetSearchParams with data set &quot;Tag page request&quot;" class="Findologic\Tests\Api\Request\ParametersBuilderTest" classname="Findologic.Tests.Api.Request.ParametersBuilderTest" file="/home/rimantas/web/htdocs/findologic/devtool/37811/18/Findologic/tests/Api/Request/ParametersBuilderTest.php" line="303" assertions="2" time="0.003241"/>
        <testcase name="testSetSearchParams with data set &quot;Request with same attributes&quot;" class="Findologic\Tests\Api\Request\ParametersBuilderTest" classname="Findologic.Tests.Api.Request.ParametersBuilderTest" file="/home/rimantas/web/htdocs/findologic/devtool/37811/18/Findologic/tests/Api/Request/ParametersBuilderTest.php" line="303" assertions="2" time="0.002143"/>
        <testcase name="testSetSearchParams with data set &quot;Request with same attributes and range slider filter with same min and max&quot;" class="Findologic\Tests\Api\Request\ParametersBuilderTest" classname="Findologic.Tests.Api.Request.ParametersBuilderTest" file="/home/rimantas/web/htdocs/findologic/devtool/37811/18/Findologic/tests/Api/Request/ParametersBuilderTest.php" line="303" assertions="2" time="0.002427"/>
      </testsuite>
      <testcase name="testGetCategoryName" class="Findologic\Tests\Api\Request\ParametersBuilderTest" classname="Findologic.Tests.Api.Request.ParametersBuilderTest" file="/home/rimantas/web/htdocs/findologic/devtool/37811/18/Findologic/tests/Api/Request/ParametersBuilderTest.php" line="338" assertions="2" time="0.001678"/>
    </testsuite>
    <testsuite name="Findologic\Tests\Api\Request\RequestBuilderTest" file="/home/rimantas/web/htdocs/findologic/devtool/37811/18/Findologic/tests/Api/Request/RequestBuilderTest.php" tests="7" assertions="18" errors="0" failures="0" skipped="0" time="0.026088">
      <testsuite name="Findologic\Tests\Api\Request\RequestBuilderTest::testBuildAliveRequest" tests="1" assertions="3" errors="0" failures="0" skipped="0" time="0.005977">
        <testcase name="testBuildAliveRequest with data set &quot;Build alive request&quot;" class="Findologic\Tests\Api\Request\RequestBuilderTest" classname="Findologic.Tests.Api.Request.RequestBuilderTest" file="/home/rimantas/web/htdocs/findologic/devtool/37811/18/Findologic/tests/Api/Request/RequestBuilderTest.php" line="86" assertions="3" time="0.005977"/>
      </testsuite>
      <testsuite name="Findologic\Tests\Api\Request\RequestBuilderTest::testBuild" tests="3" assertions="9" errors="0" failures="0" skipped="0" time="0.014261">
        <testcase name="testBuild with data set &quot;Build - No user ip provided&quot;" class="Findologic\Tests\Api\Request\RequestBuilderTest" classname="Findologic.Tests.Api.Request.RequestBuilderTest" file="/home/rimantas/web/htdocs/findologic/devtool/37811/18/Findologic/tests/Api/Request/RequestBuilderTest.php" line="145" assertions="3" time="0.004077"/>
        <testcase name="testBuild with data set &quot;Category page request&quot;" class="Findologic\Tests\Api\Request\RequestBuilderTest" classname="Findologic.Tests.Api.Request.RequestBuilderTest" file="/home/rimantas/web/htdocs/findologic/devtool/37811/18/Findologic/tests/Api/Request/RequestBuilderTest.php" line="145" assertions="3" time="0.006625"/>
        <testcase name="testBuild with data set &quot;Search page request&quot;" class="Findologic\Tests\Api\Request\RequestBuilderTest" classname="Findologic.Tests.Api.Request.RequestBuilderTest" file="/home/rimantas/web/htdocs/findologic/devtool/37811/18/Findologic/tests/Api/Request/RequestBuilderTest.php" line="145" assertions="3" time="0.003559"/>
      </testsuite>
      <testsuite name="Findologic\Tests\Api\Request\RequestBuilderTest::testGetUrl" tests="3" assertions="6" errors="0" failures="0" skipped="0" time="0.005850">
        <testcase name="testGetUrl with data set &quot;Secure domain is configured&quot;" class="Findologic\Tests\Api\Request\RequestBuilderTest" classname="Findologic.Tests.Api.Request.RequestBuilderTest" file="/home/rimantas/web/htdocs/findologic/devtool/37811/18/Findologic/tests/Api/Request/RequestBuilderTest.php" line="208" assertions="2" time="0.002415"/>
        <testcase name="testGetUrl with data set &quot;Domain is configured&quot;" class="Findologic\Tests\Api\Request\RequestBuilderTest" classname="Findologic.Tests.Api.Request.RequestBuilderTest" file="/home/rimantas/web/htdocs/findologic/devtool/37811/18/Findologic/tests/Api/Request/RequestBuilderTest.php" line="208" assertions="2" time="0.001797"/>
        <testcase name="testGetUrl with data set &quot;No domain is configured&quot;" class="Findologic\Tests\Api\Request\RequestBuilderTest" classname="Findologic.Tests.Api.Request.RequestBuilderTest" file="/home/rimantas/web/htdocs/findologic/devtool/37811/18/Findologic/tests/Api/Request/RequestBuilderTest.php" line="208" assertions="2" time="0.001638"/>
      </testsuite>
    </testsuite>
    <testsuite name="Findologic\Tests\Api\Request\RequestTest" file="/home/rimantas/web/htdocs/findologic/devtool/37811/18/Findologic/tests/Api/Request/RequestTest.php" tests="1" assertions="1" errors="0" failures="0" skipped="0" time="0.000708">
      <testsuite name="Findologic\Tests\Api\Request\RequestTest::testGetRequestUrl" tests="1" assertions="1" errors="0" failures="0" skipped="0" time="0.000708">
        <testcase name="testGetRequestUrl with data set #0" class="Findologic\Tests\Api\Request\RequestTest" classname="Findologic.Tests.Api.Request.RequestTest" file="/home/rimantas/web/htdocs/findologic/devtool/37811/18/Findologic/tests/Api/Request/RequestTest.php" line="33" assertions="1" time="0.000708"/>
      </testsuite>
    </testsuite>
    <testsuite name="Findologic\Tests\Api\Response\Parser\FiltersParserTest" file="/home/rimantas/web/htdocs/findologic/devtool/37811/18/Findologic/tests/Api/Response/Parser/FiltersParserTest.php" tests="14" assertions="14" errors="0" failures="0" skipped="0" time="0.066278">
      <testsuite name="Findologic\Tests\Api\Response\Parser\FiltersParserTest::testParse" tests="12" assertions="12" errors="0" failures="0" skipped="0" time="0.054616">
        <testcase name="testParse with data set &quot;Filters and filter values are set in response&quot;" class="Findologic\Tests\Api\Response\Parser\FiltersParserTest" classname="Findologic.Tests.Api.Response.Parser.FiltersParserTest" file="/home/rimantas/web/htdocs/findologic/devtool/37811/18/Findologic/tests/Api/Response/Parser/FiltersParserTest.php" line="47" assertions="1" time="0.018200"/>
        <testcase name="testParse with data set &quot;No filters are returned in response&quot;" class="Findologic\Tests\Api\Response\Parser\FiltersParserTest" classname="Findologic.Tests.Api.Response.Parser.FiltersParserTest" file="/home/rimantas/web/htdocs/findologic/devtool/37811/18/Findologic/tests/Api/Response/Parser/FiltersParserTest.php" line="47" assertions="1" time="0.001172"/>
        <testcase name="testParse with data set &quot;Css class is not set in response&quot;" class="Findologic\Tests\Api\Response\Parser\FiltersParserTest" classname="Findologic.Tests.Api.Response.Parser.FiltersParserTest" file="/home/rimantas/web/htdocs/findologic/devtool/37811/18/Findologic/tests/Api/Response/Parser/FiltersParserTest.php" line="47" assertions="1" time="0.002522"/>
        <testcase name="testParse with data set &quot;Css class exists in response, but has no value&quot;" class="Findologic\Tests\Api\Response\Parser\FiltersParserTest" classname="Findologic.Tests.Api.Response.Parser.FiltersParserTest" file="/home/rimantas/web/htdocs/findologic/devtool/37811/18/Findologic/tests/Api/Response/Parser/FiltersParserTest.php" line="47" assertions="1" time="0.002467"/>
        <testcase name="testParse with data set &quot;Css class exists in response and has a value&quot;" class="Findologic\Tests\Api\Response\Parser\FiltersParserTest" classname="Findologic.Tests.Api.Response.Parser.FiltersParserTest" file="/home/rimantas/web/htdocs/findologic/devtool/37811/18/Findologic/tests/Api/Response/Parser/FiltersParserTest.php" line="47" assertions="1" time="0.002772"/>
        <testcase name="testParse with data set &quot;Filter values are marked as selected&quot;" class="Findologic\Tests\Api\Response\Parser\FiltersParserTest" classname="Findologic.Tests.Api.Response.Parser.FiltersParserTest" file="/home/rimantas/web/htdocs/findologic/devtool/37811/18/Findologic/tests/Api/Response/Parser/FiltersParserTest.php" line="47" assertions="1" time="0.004682"/>
        <testcase name="testParse with data set &quot;itemCount is not set in the response&quot;" class="Findologic\Tests\Api\Response\Parser\FiltersParserTest" classname="Findologic.Tests.Api.Response.Parser.FiltersParserTest" file="/home/rimantas/web/htdocs/findologic/devtool/37811/18/Findologic/tests/Api/Response/Parser/FiltersParserTest.php" line="47" assertions="1" time="0.002671"/>
        <testcase name="testParse with data set &quot;itemCount is set in the response&quot;" class="Findologic\Tests\Api\Response\Parser\FiltersParserTest" classname="Findologic.Tests.Api.Response.Parser.FiltersParserTest" file="/home/rimantas/web/htdocs/findologic/devtool/37811/18/Findologic/tests/Api/Response/Parser/FiltersParserTest.php" line="47" assertions="1" time="0.002797"/>
        <testcase name="testParse with data set &quot;Child category is selected&quot;" class="Findologic\Tests\Api\Response\Parser\FiltersParserTest" classname="Findologic.Tests.Api.Response.Parser.FiltersParserTest" file="/home/rimantas/web/htdocs/findologic/devtool/37811/18/Findologic/tests/Api/Response/Parser/FiltersParserTest.php" line="47" assertions="1" time="0.005210"/>
        <testcase name="testParse with data set &quot;Parent category is selected&quot;" class="Findologic\Tests\Api\Response\Parser\FiltersParserTest" classname="Findologic.Tests.Api.Response.Parser.FiltersParserTest" file="/home/rimantas/web/htdocs/findologic/devtool/37811/18/Findologic/tests/Api/Response/Parser/FiltersParserTest.php" line="47" assertions="1" time="0.004820"/>
        <testcase name="testParse with data set &quot;noAvailableFiltersText is not set in the response&quot;" class="Findologic\Tests\Api\Response\Parser\FiltersParserTest" classname="Findologic.Tests.Api.Response.Parser.FiltersParserTest" file="/home/rimantas/web/htdocs/findologic/devtool/37811/18/Findologic/tests/Api/Response/Parser/FiltersParserTest.php" line="47" assertions="1" time="0.004659"/>
        <testcase name="testParse with data set &quot;noAvailableFiltersText is set in the response&quot;" class="Findologic\Tests\Api\Response\Parser\FiltersParserTest" classname="Findologic.Tests.Api.Response.Parser.FiltersParserTest" file="/home/rimantas/web/htdocs/findologic/devtool/37811/18/Findologic/tests/Api/Response/Parser/FiltersParserTest.php" line="47" assertions="1" time="0.002644"/>
      </testsuite>
      <testsuite name="Findologic\Tests\Api\Response\Parser\FiltersParserTest::testParseForWidgets" tests="2" assertions="2" errors="0" failures="0" skipped="0" time="0.011662">
        <testcase name="testParseForWidgets with data set &quot;typesGetMappedCorrectlyIfValuesExist&quot;" class="Findologic\Tests\Api\Response\Parser\FiltersParserTest" classname="Findologic.Tests.Api.Response.Parser.FiltersParserTest" file="/home/rimantas/web/htdocs/findologic/devtool/37811/18/Findologic/tests/Api/Response/Parser/FiltersParserTest.php" line="1142" assertions="1" time="0.009886"/>
        <testcase name="testParseForWidgets with data set &quot;typesAreLeftUnchangedIfNoValuesExist&quot;" class="Findologic\Tests\Api\Response\Parser\FiltersParserTest" classname="Findologic.Tests.Api.Response.Parser.FiltersParserTest" file="/home/rimantas/web/htdocs/findologic/devtool/37811/18/Findologic/tests/Api/Response/Parser/FiltersParserTest.php" line="1142" assertions="1" time="0.001776"/>
      </testsuite>
    </testsuite>
    <testsuite name="Findologic\Tests\Api\Response\ResponseParserTest" file="/home/rimantas/web/htdocs/findologic/devtool/37811/18/Findologic/tests/Api/Response/ResponseParserTest.php" tests="10" assertions="21" errors="0" failures="0" skipped="0" time="0.037335">
      <testcase name="testParse" class="Findologic\Tests\Api\Response\ResponseParserTest" classname="Findologic.Tests.Api.Response.ResponseParserTest" file="/home/rimantas/web/htdocs/findologic/devtool/37811/18/Findologic/tests/Api/Response/ResponseParserTest.php" line="47" assertions="3" time="0.018380"/>
      <testsuite name="Findologic\Tests\Api\Response\ResponseParserTest::testQueryInfoMessageParsing" tests="9" assertions="18" errors="0" failures="0" skipped="0" time="0.018955">
        <testcase name="testQueryInfoMessageParsing with data set &quot;No Smart Did-You-Mean data provided&quot;" class="Findologic\Tests\Api\Response\ResponseParserTest" classname="Findologic.Tests.Api.Response.ResponseParserTest" file="/home/rimantas/web/htdocs/findologic/devtool/37811/18/Findologic/tests/Api/Response/ResponseParserTest.php" line="77" assertions="2" time="0.003648"/>
        <testcase name="testQueryInfoMessageParsing with data set &quot;Did-You-Mean query present&quot;" class="Findologic\Tests\Api\Response\ResponseParserTest" classname="Findologic.Tests.Api.Response.ResponseParserTest" file="/home/rimantas/web/htdocs/findologic/devtool/37811/18/Findologic/tests/Api/Response/ResponseParserTest.php" line="77" assertions="2" time="0.001870"/>
        <testcase name="testQueryInfoMessageParsing with data set &quot;Improved query present&quot;" class="Findologic\Tests\Api\Response\ResponseParserTest" classname="Findologic.Tests.Api.Response.ResponseParserTest" file="/home/rimantas/web/htdocs/findologic/devtool/37811/18/Findologic/tests/Api/Response/ResponseParserTest.php" line="77" assertions="2" time="0.001903"/>
        <testcase name="testQueryInfoMessageParsing with data set &quot;Corrected query present&quot;" class="Findologic\Tests\Api\Response\ResponseParserTest" classname="Findologic.Tests.Api.Response.ResponseParserTest" file="/home/rimantas/web/htdocs/findologic/devtool/37811/18/Findologic/tests/Api/Response/ResponseParserTest.php" line="77" assertions="2" time="0.001938"/>
        <testcase name="testQueryInfoMessageParsing with data set &quot;Uses shopping guide&quot;" class="Findologic\Tests\Api\Response\ResponseParserTest" classname="Findologic.Tests.Api.Response.ResponseParserTest" file="/home/rimantas/web/htdocs/findologic/devtool/37811/18/Findologic/tests/Api/Response/ResponseParserTest.php" line="77" assertions="2" time="0.002060"/>
        <testcase name="testQueryInfoMessageParsing with data set &quot;Category selected&quot;" class="Findologic\Tests\Api\Response\ResponseParserTest" classname="Findologic.Tests.Api.Response.ResponseParserTest" file="/home/rimantas/web/htdocs/findologic/devtool/37811/18/Findologic/tests/Api/Response/ResponseParserTest.php" line="77" assertions="2" time="0.002155"/>
        <testcase name="testQueryInfoMessageParsing with data set &quot;Child category selected&quot;" class="Findologic\Tests\Api\Response\ResponseParserTest" classname="Findologic.Tests.Api.Response.ResponseParserTest" file="/home/rimantas/web/htdocs/findologic/devtool/37811/18/Findologic/tests/Api/Response/ResponseParserTest.php" line="77" assertions="2" time="0.001864"/>
        <testcase name="testQueryInfoMessageParsing with data set &quot;Vendor selected&quot;" class="Findologic\Tests\Api\Response\ResponseParserTest" classname="Findologic.Tests.Api.Response.ResponseParserTest" file="/home/rimantas/web/htdocs/findologic/devtool/37811/18/Findologic/tests/Api/Response/ResponseParserTest.php" line="77" assertions="2" time="0.001787"/>
        <testcase name="testQueryInfoMessageParsing with data set &quot;Category and vendor selected&quot;" class="Findologic\Tests\Api\Response\ResponseParserTest" classname="Findologic.Tests.Api.Response.ResponseParserTest" file="/home/rimantas/web/htdocs/findologic/devtool/37811/18/Findologic/tests/Api/Response/ResponseParserTest.php" line="77" assertions="2" time="0.001730"/>
      </testsuite>
    </testsuite>
    <testsuite name="Findologic\Tests\Api\Response\ResponseTest" file="/home/rimantas/web/htdocs/findologic/devtool/37811/18/Findologic/tests/Api/Response/ResponseTest.php" tests="14" assertions="14" errors="0" failures="0" skipped="0" time="0.023427">
      <testsuite name="Findologic\Tests\Api\Response\ResponseTest::testGetQueryInfoMessage" tests="10" assertions="10" errors="0" failures="0" skipped="0" time="0.016576">
        <testcase name="testGetQueryInfoMessage with data set &quot;No query set&quot;" class="Findologic\Tests\Api\Response\ResponseTest" classname="Findologic.Tests.Api.Response.ResponseTest" file="/home/rimantas/web/htdocs/findologic/devtool/37811/18/Findologic/tests/Api/Response/ResponseTest.php" line="29" assertions="1" time="0.003293"/>
        <testcase name="testGetQueryInfoMessage with data set &quot;No Smart Did-You-Mean data provided&quot;" class="Findologic\Tests\Api\Response\ResponseTest" classname="Findologic.Tests.Api.Response.ResponseTest" file="/home/rimantas/web/htdocs/findologic/devtool/37811/18/Findologic/tests/Api/Response/ResponseTest.php" line="29" assertions="1" time="0.001444"/>
        <testcase name="testGetQueryInfoMessage with data set &quot;Did-You-Mean query present&quot;" class="Findologic\Tests\Api\Response\ResponseTest" classname="Findologic.Tests.Api.Response.ResponseTest" file="/home/rimantas/web/htdocs/findologic/devtool/37811/18/Findologic/tests/Api/Response/ResponseTest.php" line="29" assertions="1" time="0.001400"/>
        <testcase name="testGetQueryInfoMessage with data set &quot;Improved query present&quot;" class="Findologic\Tests\Api\Response\ResponseTest" classname="Findologic.Tests.Api.Response.ResponseTest" file="/home/rimantas/web/htdocs/findologic/devtool/37811/18/Findologic/tests/Api/Response/ResponseTest.php" line="29" assertions="1" time="0.001404"/>
        <testcase name="testGetQueryInfoMessage with data set &quot;Corrected query present&quot;" class="Findologic\Tests\Api\Response\ResponseTest" classname="Findologic.Tests.Api.Response.ResponseTest" file="/home/rimantas/web/htdocs/findologic/devtool/37811/18/Findologic/tests/Api/Response/ResponseTest.php" line="29" assertions="1" time="0.001423"/>
        <testcase name="testGetQueryInfoMessage with data set &quot;Uses shopping guide&quot;" class="Findologic\Tests\Api\Response\ResponseTest" classname="Findologic.Tests.Api.Response.ResponseTest" file="/home/rimantas/web/htdocs/findologic/devtool/37811/18/Findologic/tests/Api/Response/ResponseTest.php" line="29" assertions="1" time="0.001488"/>
        <testcase name="testGetQueryInfoMessage with data set &quot;Category selected&quot;" class="Findologic\Tests\Api\Response\ResponseTest" classname="Findologic.Tests.Api.Response.ResponseTest" file="/home/rimantas/web/htdocs/findologic/devtool/37811/18/Findologic/tests/Api/Response/ResponseTest.php" line="29" assertions="1" time="0.001572"/>
        <testcase name="testGetQueryInfoMessage with data set &quot;Vendor selected&quot;" class="Findologic\Tests\Api\Response\ResponseTest" classname="Findologic.Tests.Api.Response.ResponseTest" file="/home/rimantas/web/htdocs/findologic/devtool/37811/18/Findologic/tests/Api/Response/ResponseTest.php" line="29" assertions="1" time="0.001588"/>
        <testcase name="testGetQueryInfoMessage with data set &quot;No search query present and category with vendor filter selected&quot;" class="Findologic\Tests\Api\Response\ResponseTest" classname="Findologic.Tests.Api.Response.ResponseTest" file="/home/rimantas/web/htdocs/findologic/devtool/37811/18/Findologic/tests/Api/Response/ResponseTest.php" line="29" assertions="1" time="0.001546"/>
        <testcase name="testGetQueryInfoMessage with data set &quot;Search query present and category with vendor filter selected&quot;" class="Findologic\Tests\Api\Response\ResponseTest" classname="Findologic.Tests.Api.Response.ResponseTest" file="/home/rimantas/web/htdocs/findologic/devtool/37811/18/Findologic/tests/Api/Response/ResponseTest.php" line="29" assertions="1" time="0.001418"/>
      </testsuite>
      <testsuite name="Findologic\Tests\Api\Response\ResponseTest::testSmartDidYouMean" tests="4" assertions="4" errors="0" failures="0" skipped="0" time="0.006851">
        <testcase name="testSmartDidYouMean with data set &quot;Smart Did-You-Mean is not triggered if there is an empty query&quot;" class="Findologic\Tests\Api\Response\ResponseTest" classname="Findologic.Tests.Api.Response.ResponseTest" file="/home/rimantas/web/htdocs/findologic/devtool/37811/18/Findologic/tests/Api/Response/ResponseTest.php" line="365" assertions="1" time="0.001338"/>
        <testcase name="testSmartDidYouMean with data set &quot;Smart Did-You-Mean with did you mean query&quot;" class="Findologic\Tests\Api\Response\ResponseTest" classname="Findologic.Tests.Api.Response.ResponseTest" file="/home/rimantas/web/htdocs/findologic/devtool/37811/18/Findologic/tests/Api/Response/ResponseTest.php" line="365" assertions="1" time="0.001534"/>
        <testcase name="testSmartDidYouMean with data set &quot;Smart Did-You-Mean with improved query&quot;" class="Findologic\Tests\Api\Response\ResponseTest" classname="Findologic.Tests.Api.Response.ResponseTest" file="/home/rimantas/web/htdocs/findologic/devtool/37811/18/Findologic/tests/Api/Response/ResponseTest.php" line="365" assertions="1" time="0.002385"/>
        <testcase name="testSmartDidYouMean with data set &quot;Smart Did-You-Mean with corrected query&quot;" class="Findologic\Tests\Api\Response\ResponseTest" classname="Findologic.Tests.Api.Response.ResponseTest" file="/home/rimantas/web/htdocs/findologic/devtool/37811/18/Findologic/tests/Api/Response/ResponseTest.php" line="365" assertions="1" time="0.001594"/>
      </testsuite>
    </testsuite>
    <testsuite name="Findologic\Tests\Components\PluginConfigTest" file="/home/rimantas/web/htdocs/findologic/devtool/37811/18/Findologic/tests/Components/PluginConfigTest.php" tests="19" assertions="40" errors="0" failures="0" skipped="0" time="0.030112">
      <testcase name="testHasIsForwardedToConfigRepository" class="Findologic\Tests\Components\PluginConfigTest" classname="Findologic.Tests.Components.PluginConfigTest" file="/home/rimantas/web/htdocs/findologic/devtool/37811/18/Findologic/tests/Components/PluginConfigTest.php" line="40" assertions="1" time="0.004147"/>
      <testcase name="testSetIsForwardedToConfigRepository" class="Findologic\Tests\Components\PluginConfigTest" classname="Findologic.Tests.Components.PluginConfigTest" file="/home/rimantas/web/htdocs/findologic/devtool/37811/18/Findologic/tests/Components/PluginConfigTest.php" line="47" assertions="1" time="0.001239"/>
      <testcase name="testGetIsForwardedToConfigRepository" class="Findologic\Tests\Components\PluginConfigTest" classname="Findologic.Tests.Components.PluginConfigTest" file="/home/rimantas/web/htdocs/findologic/devtool/37811/18/Findologic/tests/Components/PluginConfigTest.php" line="56" assertions="1" time="0.001157"/>
      <testcase name="testPrependIsForwardedToConfigRepository" class="Findologic\Tests\Components\PluginConfigTest" classname="Findologic.Tests.Components.PluginConfigTest" file="/home/rimantas/web/htdocs/findologic/devtool/37811/18/Findologic/tests/Components/PluginConfigTest.php" line="65" assertions="1" time="0.001288"/>
      <testcase name="testPushIsForwardedToConfigRepository" class="Findologic\Tests\Components\PluginConfigTest" classname="Findologic.Tests.Components.PluginConfigTest" file="/home/rimantas/web/htdocs/findologic/devtool/37811/18/Findologic/tests/Components/PluginConfigTest.php" line="74" assertions="1" time="0.001153"/>
      <testcase name="testGetShopKeyReturnsNullIfShopKeyIsEmpty" class="Findologic\Tests\Components\PluginConfigTest" classname="Findologic.Tests.Components.PluginConfigTest" file="/home/rimantas/web/htdocs/findologic/devtool/37811/18/Findologic/tests/Components/PluginConfigTest.php" line="83" assertions="3" time="0.001455"/>
      <testsuite name="Findologic\Tests\Components\PluginConfigTest::testGetShopKey" tests="6" assertions="18" errors="0" failures="0" skipped="0" time="0.009048">
        <testcase name="testGetShopKey with data set &quot;It returns correct key based on current language&quot;" class="Findologic\Tests\Components\PluginConfigTest" classname="Findologic.Tests.Components.PluginConfigTest" file="/home/rimantas/web/htdocs/findologic/devtool/37811/18/Findologic/tests/Components/PluginConfigTest.php" line="138" assertions="3" time="0.001617"/>
        <testcase name="testGetShopKey with data set &quot;It returns null when no generic shopkey and no shopkey for current language are configured 1&quot;" class="Findologic\Tests\Components\PluginConfigTest" classname="Findologic.Tests.Components.PluginConfigTest" file="/home/rimantas/web/htdocs/findologic/devtool/37811/18/Findologic/tests/Components/PluginConfigTest.php" line="138" assertions="3" time="0.001414"/>
        <testcase name="testGetShopKey with data set &quot;It returns null when no generic shopkey and no shopkey for current language are configured 2&quot;" class="Findologic\Tests\Components\PluginConfigTest" classname="Findologic.Tests.Components.PluginConfigTest" file="/home/rimantas/web/htdocs/findologic/devtool/37811/18/Findologic/tests/Components/PluginConfigTest.php" line="138" assertions="3" time="0.001434"/>
        <testcase name="testGetShopKey with data set &quot;It returns generic shopkey if no shopkey for current language exists 1&quot;" class="Findologic\Tests\Components\PluginConfigTest" classname="Findologic.Tests.Components.PluginConfigTest" file="/home/rimantas/web/htdocs/findologic/devtool/37811/18/Findologic/tests/Components/PluginConfigTest.php" line="138" assertions="3" time="0.001427"/>
        <testcase name="testGetShopKey with data set &quot;It returns generic shopkey if no shopkey for current language exists 2&quot;" class="Findologic\Tests\Components\PluginConfigTest" classname="Findologic.Tests.Components.PluginConfigTest" file="/home/rimantas/web/htdocs/findologic/devtool/37811/18/Findologic/tests/Components/PluginConfigTest.php" line="138" assertions="3" time="0.001456"/>
        <testcase name="testGetShopKey with data set &quot;It returns generic shopkey if it is the only one that is configured&quot;" class="Findologic\Tests\Components\PluginConfigTest" classname="Findologic.Tests.Components.PluginConfigTest" file="/home/rimantas/web/htdocs/findologic/devtool/37811/18/Findologic/tests/Components/PluginConfigTest.php" line="138" assertions="3" time="0.001700"/>
      </testsuite>
      <testsuite name="Findologic\Tests\Components\PluginConfigTest::testParseShopKeys" tests="7" assertions="14" errors="0" failures="0" skipped="0" time="0.010624">
        <testcase name="testParseShopKeys with data set &quot;Shopkey is an empty string&quot;" class="Findologic\Tests\Components\PluginConfigTest" classname="Findologic.Tests.Components.PluginConfigTest" file="/home/rimantas/web/htdocs/findologic/devtool/37811/18/Findologic/tests/Components/PluginConfigTest.php" line="201" assertions="2" time="0.001431"/>
        <testcase name="testParseShopKeys with data set &quot;Shopkey is only empty lines&quot;" class="Findologic\Tests\Components\PluginConfigTest" classname="Findologic.Tests.Components.PluginConfigTest" file="/home/rimantas/web/htdocs/findologic/devtool/37811/18/Findologic/tests/Components/PluginConfigTest.php" line="201" assertions="2" time="0.001387"/>
        <testcase name="testParseShopKeys with data set &quot;Shopkey is configured for German&quot;" class="Findologic\Tests\Components\PluginConfigTest" classname="Findologic.Tests.Components.PluginConfigTest" file="/home/rimantas/web/htdocs/findologic/devtool/37811/18/Findologic/tests/Components/PluginConfigTest.php" line="201" assertions="2" time="0.001561"/>
        <testcase name="testParseShopKeys with data set &quot;Shopkey is configured for German and English&quot;" class="Findologic\Tests\Components\PluginConfigTest" classname="Findologic.Tests.Components.PluginConfigTest" file="/home/rimantas/web/htdocs/findologic/devtool/37811/18/Findologic/tests/Components/PluginConfigTest.php" line="201" assertions="2" time="0.001467"/>
        <testcase name="testParseShopKeys with data set &quot;Generic shopkey is configured&quot;" class="Findologic\Tests\Components\PluginConfigTest" classname="Findologic.Tests.Components.PluginConfigTest" file="/home/rimantas/web/htdocs/findologic/devtool/37811/18/Findologic/tests/Components/PluginConfigTest.php" line="201" assertions="2" time="0.001598"/>
        <testcase name="testParseShopKeys with data set &quot;Shopkey contains whitespaces&quot;" class="Findologic\Tests\Components\PluginConfigTest" classname="Findologic.Tests.Components.PluginConfigTest" file="/home/rimantas/web/htdocs/findologic/devtool/37811/18/Findologic/tests/Components/PluginConfigTest.php" line="201" assertions="2" time="0.001749"/>
        <testcase name="testParseShopKeys with data set &quot;Language key contains whitespaces&quot;" class="Findologic\Tests\Components\PluginConfigTest" classname="Findologic.Tests.Components.PluginConfigTest" file="/home/rimantas/web/htdocs/findologic/devtool/37811/18/Findologic/tests/Components/PluginConfigTest.php" line="201" assertions="2" time="0.001431"/>
      </testsuite>
    </testsuite>
    <testsuite name="Findologic\Tests\Middlewares\MiddlewareTest" file="/home/rimantas/web/htdocs/findologic/devtool/37811/18/Findologic/tests/Middlewares/MiddlewareTest.php" tests="5" assertions="11" errors="0" failures="0" skipped="0" time="0.015423">
      <testcase name="testBootShopKeyNotSet" class="Findologic\Tests\Middlewares\MiddlewareTest" classname="Findologic.Tests.Middlewares.MiddlewareTest" file="/home/rimantas/web/htdocs/findologic/devtool/37811/18/Findologic/tests/Middlewares/MiddlewareTest.php" line="53" assertions="3" time="0.005484"/>
      <testcase name="testBootShopKeySetAndAliveTestFails" class="Findologic\Tests\Middlewares\MiddlewareTest" classname="Findologic.Tests.Middlewares.MiddlewareTest" file="/home/rimantas/web/htdocs/findologic/devtool/37811/18/Findologic/tests/Middlewares/MiddlewareTest.php" line="64" assertions="2" time="0.001735"/>
      <testcase name="testIsNotSearchPageAndIsNotActiveOnCatPage" class="Findologic\Tests\Middlewares\MiddlewareTest" classname="Findologic.Tests.Middlewares.MiddlewareTest" file="/home/rimantas/web/htdocs/findologic/devtool/37811/18/Findologic/tests/Middlewares/MiddlewareTest.php" line="73" assertions="2" time="0.002645"/>
      <testcase name="testIsSearchPageAndIsNotActiveOnCatPage" class="Findologic\Tests\Middlewares\MiddlewareTest" classname="Findologic.Tests.Middlewares.MiddlewareTest" file="/home/rimantas/web/htdocs/findologic/devtool/37811/18/Findologic/tests/Middlewares/MiddlewareTest.php" line="87" assertions="2" time="0.002807"/>
      <testcase name="testIsNotSearchPageAndIsActiveOnCatPage" class="Findologic\Tests\Middlewares\MiddlewareTest" classname="Findologic.Tests.Middlewares.MiddlewareTest" file="/home/rimantas/web/htdocs/findologic/devtool/37811/18/Findologic/tests/Middlewares/MiddlewareTest.php" line="105" assertions="2" time="0.002752"/>
    </testsuite>
    <testsuite name="Findologic\Tests\Services\Search\ParametersHandlerTest" file="/home/rimantas/web/htdocs/findologic/devtool/37811/18/Findologic/tests/Services/Search/ParametersHandlerTest.php" tests="9" assertions="8" errors="5" failures="0" skipped="0" time="0.015653">
      <testsuite name="Findologic\Tests\Services\Search\ParametersHandlerTest::testGetSortingOptions" tests="4" assertions="8" errors="0" failures="0" skipped="0" time="0.005320">
        <testcase name="testGetSortingOptions with data set &quot;Sorting options for category page&quot;" class="Findologic\Tests\Services\Search\ParametersHandlerTest" classname="Findologic.Tests.Services.Search.ParametersHandlerTest" file="/home/rimantas/web/htdocs/findologic/devtool/37811/18/Findologic/tests/Services/Search/ParametersHandlerTest.php" line="179" assertions="2" time="0.002075"/>
        <testcase name="testGetSortingOptions with data set &quot;Sorting options for category page with filter selected&quot;" class="Findologic\Tests\Services\Search\ParametersHandlerTest" classname="Findologic.Tests.Services.Search.ParametersHandlerTest" file="/home/rimantas/web/htdocs/findologic/devtool/37811/18/Findologic/tests/Services/Search/ParametersHandlerTest.php" line="179" assertions="2" time="0.000992"/>
        <testcase name="testGetSortingOptions with data set &quot;Sorting options for search page&quot;" class="Findologic\Tests\Services\Search\ParametersHandlerTest" classname="Findologic.Tests.Services.Search.ParametersHandlerTest" file="/home/rimantas/web/htdocs/findologic/devtool/37811/18/Findologic/tests/Services/Search/ParametersHandlerTest.php" line="179" assertions="2" time="0.001015"/>
        <testcase name="testGetSortingOptions with data set &quot;Force option &quot;Relevance&quot; for search page&quot;" class="Findologic\Tests\Services\Search\ParametersHandlerTest" classname="Findologic.Tests.Services.Search.ParametersHandlerTest" file="/home/rimantas/web/htdocs/findologic/devtool/37811/18/Findologic/tests/Services/Search/ParametersHandlerTest.php" line="179" assertions="2" time="0.001238"/>
      </testsuite>
      <testsuite name="Findologic\Tests\Services\Search\ParametersHandlerTest::testHandlePaginationAndSorting" tests="5" assertions="0" errors="5" failures="0" skipped="0" time="0.010333">
        <testcase name="testHandlePaginationAndSorting with data set &quot;Sorting options for search page with supported default&quot;" class="Findologic\Tests\Services\Search\ParametersHandlerTest" classname="Findologic.Tests.Services.Search.ParametersHandlerTest" file="/home/rimantas/web/htdocs/findologic/devtool/37811/18/Findologic/tests/Services/Search/ParametersHandlerTest.php" line="406" assertions="0" time="0.002755">
          <error type="PHPUnit\Framework\Error\Notice">Findologic\Tests\Services\Search\ParametersHandlerTest::testHandlePaginationAndSorting with data set "Sorting options for search page with supported default" (true, false, 'texts.name1_asc', array('default.recommended_sorting', 'texts.name1_asc', 'texts.name1_desc', 'sorting.price.avg_asc', 'sorting.price.avg_desc', 'variation.createdAt_desc', 'variation.createdAt_asc', 'variation.availability.averageDays_asc', 'variation.availability.averag...s_desc', 'variation.number_asc', 'variation.number_desc', 'variation.updatedAt_asc', 'variation.updatedAt_desc', 'item.manufacturer.externalName_asc', 'item.manufacturer.externalName_desc', 'variation.position_asc', 'variation.position_desc', 'item.random'), array('Ceres::Template.itemName_asc', 'Ceres::Template.itemName_desc', 'Ceres::Template.itemPrice_asc', 'Ceres::Template.itemPrice_desc', 'Ceres::Template.itemVariation...p_desc', 'Ceres::Template.itemVariation...mp_asc', 'Ceres::Template.itemVariation...er_asc', 'Ceres::Template.itemVariation...r_desc', 'Ceres::Template.itemRelevance'), 'texts.name1_asc')
Trying to access array offset on value of type null

/home/rimantas/web/htdocs/findologic/devtool/37811/18/Findologic/src/Services/Search/ParametersHandler.php:157
/home/rimantas/web/htdocs/findologic/devtool/37811/18/Findologic/src/Services/Search/ParametersHandler.php:76
/home/rimantas/web/htdocs/findologic/devtool/37811/18/Findologic/tests/Services/Search/ParametersHandlerTest.php:452
</error>
        </testcase>
        <testcase name="testHandlePaginationAndSorting with data set &quot;Sorting options for category page with supported default&quot;" class="Findologic\Tests\Services\Search\ParametersHandlerTest" classname="Findologic.Tests.Services.Search.ParametersHandlerTest" file="/home/rimantas/web/htdocs/findologic/devtool/37811/18/Findologic/tests/Services/Search/ParametersHandlerTest.php" line="406" assertions="0" time="0.001835">
          <error type="PHPUnit\Framework\Error\Notice">Findologic\Tests\Services\Search\ParametersHandlerTest::testHandlePaginationAndSorting with data set "Sorting options for category page with supported default" (false, false, 'texts.name1_asc', array('default.recommended_sorting', 'texts.name1_asc', 'texts.name1_desc', 'sorting.price.avg_asc', 'sorting.price.avg_desc', 'variation.createdAt_desc', 'variation.createdAt_asc', 'variation.availability.averageDays_asc', 'variation.availability.averag...s_desc', 'variation.number_asc', 'variation.number_desc', 'variation.updatedAt_asc', 'variation.updatedAt_desc', 'item.manufacturer.externalName_asc', 'item.manufacturer.externalName_desc', 'variation.position_asc', 'variation.position_desc', 'item.random'), array('Ceres::Template.itemRecommendedSorting', 'Ceres::Template.itemName_asc', 'Ceres::Template.itemName_desc', 'Ceres::Template.itemPrice_asc', 'Ceres::Template.itemPrice_desc', 'Ceres::Template.itemVariation...p_desc', 'Ceres::Template.itemVariation...mp_asc', 'Ceres::Template.itemAvailabil...ys_asc', 'Ceres::Template.itemAvailabil...s_desc', 'Ceres::Template.itemVariation...er_asc', 'Ceres::Template.itemVariation...r_desc', 'Ceres::Template.itemVariation...mp_asc', 'Ceres::Template.itemVariation...p_desc', 'Ceres::Template.itemProducerName_asc', 'Ceres::Template.itemProducerName_desc', 'Ceres::Template.itemVariation...er_asc', 'Ceres::Template.itemVariation...r_desc', 'Ceres::Template.itemRandom'), 'texts.name1_asc')
Trying to access array offset on value of type null

/home/rimantas/web/htdocs/findologic/devtool/37811/18/Findologic/src/Services/Search/ParametersHandler.php:157
/home/rimantas/web/htdocs/findologic/devtool/37811/18/Findologic/src/Services/Search/ParametersHandler.php:76
/home/rimantas/web/htdocs/findologic/devtool/37811/18/Findologic/tests/Services/Search/ParametersHandlerTest.php:452
</error>
        </testcase>
        <testcase name="testHandlePaginationAndSorting with data set &quot;Sorting options for category page with unsupported default but no filters uses configured default&quot;" class="Findologic\Tests\Services\Search\ParametersHandlerTest" classname="Findologic.Tests.Services.Search.ParametersHandlerTest" file="/home/rimantas/web/htdocs/findologic/devtool/37811/18/Findologic/tests/Services/Search/ParametersHandlerTest.php" line="406" assertions="0" time="0.002012">
          <error type="PHPUnit\Framework\Error\Notice">Findologic\Tests\Services\Search\ParametersHandlerTest::testHandlePaginationAndSorting with data set "Sorting options for category page with unsupported default but no filters uses configured default" (false, false, 'item.random', array('default.recommended_sorting', 'texts.name1_asc', 'texts.name1_desc', 'sorting.price.avg_asc', 'sorting.price.avg_desc', 'variation.createdAt_desc', 'variation.createdAt_asc', 'variation.availability.averageDays_asc', 'variation.availability.averag...s_desc', 'variation.number_asc', 'variation.number_desc', 'variation.updatedAt_asc', 'variation.updatedAt_desc', 'item.manufacturer.externalName_asc', 'item.manufacturer.externalName_desc', 'variation.position_asc', 'variation.position_desc', 'item.random'), array('Ceres::Template.itemRecommendedSorting', 'Ceres::Template.itemName_asc', 'Ceres::Template.itemName_desc', 'Ceres::Template.itemPrice_asc', 'Ceres::Template.itemPrice_desc', 'Ceres::Template.itemVariation...p_desc', 'Ceres::Template.itemVariation...mp_asc', 'Ceres::Template.itemAvailabil...ys_asc', 'Ceres::Template.itemAvailabil...s_desc', 'Ceres::Template.itemVariation...er_asc', 'Ceres::Template.itemVariation...r_desc', 'Ceres::Template.itemVariation...mp_asc', 'Ceres::Template.itemVariation...p_desc', 'Ceres::Template.itemProducerName_asc', 'Ceres::Template.itemProducerName_desc', 'Ceres::Template.itemVariation...er_asc', 'Ceres::Template.itemVariation...r_desc', 'Ceres::Template.itemRandom'), 'item.random')
Trying to access array offset on value of type null

/home/rimantas/web/htdocs/findologic/devtool/37811/18/Findologic/src/Services/Search/ParametersHandler.php:157
/home/rimantas/web/htdocs/findologic/devtool/37811/18/Findologic/src/Services/Search/ParametersHandler.php:76
/home/rimantas/web/htdocs/findologic/devtool/37811/18/Findologic/tests/Services/Search/ParametersHandlerTest.php:452
</error>
        </testcase>
        <testcase name="testHandlePaginationAndSorting with data set &quot;Sorting options for category page with unsupported default but with filter uses default fallback&quot;" class="Findologic\Tests\Services\Search\ParametersHandlerTest" classname="Findologic.Tests.Services.Search.ParametersHandlerTest" file="/home/rimantas/web/htdocs/findologic/devtool/37811/18/Findologic/tests/Services/Search/ParametersHandlerTest.php" line="406" assertions="0" time="0.001900">
          <error type="PHPUnit\Framework\Error\Notice">Findologic\Tests\Services\Search\ParametersHandlerTest::testHandlePaginationAndSorting with data set "Sorting options for category page with unsupported default but with filter uses default fallback" (false, true, 'item.random', array('default.recommended_sorting', 'texts.name1_asc', 'texts.name1_desc', 'sorting.price.avg_asc', 'sorting.price.avg_desc', 'variation.createdAt_desc', 'variation.createdAt_asc', 'variation.availability.averageDays_asc', 'variation.availability.averag...s_desc', 'variation.number_asc', 'variation.number_desc', 'variation.updatedAt_asc', 'variation.updatedAt_desc', 'item.manufacturer.externalName_asc', 'item.manufacturer.externalName_desc', 'variation.position_asc', 'variation.position_desc', 'item.random'), array('Ceres::Template.itemName_asc', 'Ceres::Template.itemName_desc', 'Ceres::Template.itemPrice_asc', 'Ceres::Template.itemPrice_desc', 'Ceres::Template.itemVariation...p_desc', 'Ceres::Template.itemVariation...mp_asc', 'Ceres::Template.itemVariation...er_asc', 'Ceres::Template.itemVariation...r_desc'), 'item.score')
Trying to access array offset on value of type null

/home/rimantas/web/htdocs/findologic/devtool/37811/18/Findologic/src/Services/Search/ParametersHandler.php:157
/home/rimantas/web/htdocs/findologic/devtool/37811/18/Findologic/src/Services/Search/ParametersHandler.php:76
/home/rimantas/web/htdocs/findologic/devtool/37811/18/Findologic/tests/Services/Search/ParametersHandlerTest.php:452
</error>
        </testcase>
        <testcase name="testHandlePaginationAndSorting with data set &quot;Sorting options for category page with a filter selected&quot;" class="Findologic\Tests\Services\Search\ParametersHandlerTest" classname="Findologic.Tests.Services.Search.ParametersHandlerTest" file="/home/rimantas/web/htdocs/findologic/devtool/37811/18/Findologic/tests/Services/Search/ParametersHandlerTest.php" line="406" assertions="0" time="0.001831">
          <error type="PHPUnit\Framework\Error\Notice">Findologic\Tests\Services\Search\ParametersHandlerTest::testHandlePaginationAndSorting with data set "Sorting options for category page with a filter selected" (false, true, 'texts.name1_asc', array('default.recommended_sorting', 'texts.name1_asc', 'texts.name1_desc', 'sorting.price.avg_asc', 'sorting.price.avg_desc', 'variation.createdAt_desc', 'variation.createdAt_asc', 'variation.availability.averageDays_asc', 'variation.availability.averag...s_desc', 'variation.number_asc', 'variation.number_desc', 'variation.updatedAt_asc', 'variation.updatedAt_desc', 'item.manufacturer.externalName_asc', 'item.manufacturer.externalName_desc', 'variation.position_asc', 'variation.position_desc', 'item.random'), array('Ceres::Template.itemName_asc', 'Ceres::Template.itemName_desc', 'Ceres::Template.itemPrice_asc', 'Ceres::Template.itemPrice_desc', 'Ceres::Template.itemVariation...p_desc', 'Ceres::Template.itemVariation...mp_asc', 'Ceres::Template.itemVariation...er_asc', 'Ceres::Template.itemVariation...r_desc'), 'texts.name1_asc')
Trying to access array offset on value of type null

/home/rimantas/web/htdocs/findologic/devtool/37811/18/Findologic/src/Services/Search/ParametersHandler.php:157
/home/rimantas/web/htdocs/findologic/devtool/37811/18/Findologic/src/Services/Search/ParametersHandler.php:76
/home/rimantas/web/htdocs/findologic/devtool/37811/18/Findologic/tests/Services/Search/ParametersHandlerTest.php:452
</error>
        </testcase>
      </testsuite>
    </testsuite>
    <testsuite name="Findologic\Tests\Services\SearchServiceTest" file="/home/rimantas/web/htdocs/findologic/devtool/37811/18/Findologic/tests/Services/SearchServiceTest.php" tests="21" assertions="69" errors="1" failures="0" skipped="0" time="0.155364">
      <testcase name="testHandleSearchQuery" class="Findologic\Tests\Services\SearchServiceTest" classname="Findologic.Tests.Services.SearchServiceTest" file="/home/rimantas/web/htdocs/findologic/devtool/37811/18/Findologic/tests/Services/SearchServiceTest.php" line="92" assertions="3" time="0.023046"/>
      <testsuite name="Findologic\Tests\Services\SearchServiceTest::testRedirectToProductPageOnDoSearch" tests="13" assertions="52" errors="0" failures="0" skipped="0" time="0.104876">
        <testcase name="testRedirectToProductPageOnDoSearch with data set &quot;One product found&quot;" class="Findologic\Tests\Services\SearchServiceTest" classname="Findologic.Tests.Services.SearchServiceTest" file="/home/rimantas/web/htdocs/findologic/devtool/37811/18/Findologic/tests/Services/SearchServiceTest.php" line="119" assertions="4" time="0.013924"/>
        <testcase name="testRedirectToProductPageOnDoSearch with data set &quot;One product with another language found&quot;" class="Findologic\Tests\Services\SearchServiceTest" classname="Findologic.Tests.Services.SearchServiceTest" file="/home/rimantas/web/htdocs/findologic/devtool/37811/18/Findologic/tests/Services/SearchServiceTest.php" line="119" assertions="4" time="0.009529"/>
        <testcase name="testRedirectToProductPageOnDoSearch with data set &quot;One product found on first page should redirect to product detail&quot;" class="Findologic\Tests\Services\SearchServiceTest" classname="Findologic.Tests.Services.SearchServiceTest" file="/home/rimantas/web/htdocs/findologic/devtool/37811/18/Findologic/tests/Services/SearchServiceTest.php" line="119" assertions="4" time="0.009124"/>
        <testcase name="testRedirectToProductPageOnDoSearch with data set &quot;One product with multiple variations redirects to variation with a model matching the query&quot;" class="Findologic\Tests\Services\SearchServiceTest" classname="Findologic.Tests.Services.SearchServiceTest" file="/home/rimantas/web/htdocs/findologic/devtool/37811/18/Findologic/tests/Services/SearchServiceTest.php" line="119" assertions="4" time="0.008212"/>
        <testcase name="testRedirectToProductPageOnDoSearch with data set &quot;One product with multiple variations redirects to variation with a number matching the query&quot;" class="Findologic\Tests\Services\SearchServiceTest" classname="Findologic.Tests.Services.SearchServiceTest" file="/home/rimantas/web/htdocs/findologic/devtool/37811/18/Findologic/tests/Services/SearchServiceTest.php" line="119" assertions="4" time="0.009383"/>
        <testcase name="testRedirectToProductPageOnDoSearch with data set &quot;One product with multiple variations redirects to variation with an order matching the query&quot;" class="Findologic\Tests\Services\SearchServiceTest" classname="Findologic.Tests.Services.SearchServiceTest" file="/home/rimantas/web/htdocs/findologic/devtool/37811/18/Findologic/tests/Services/SearchServiceTest.php" line="119" assertions="4" time="0.008700"/>
        <testcase name="testRedirectToProductPageOnDoSearch with data set &quot;One product with multiple variations redirects to variation with a barcode matching the query&quot;" class="Findologic\Tests\Services\SearchServiceTest" classname="Findologic.Tests.Services.SearchServiceTest" file="/home/rimantas/web/htdocs/findologic/devtool/37811/18/Findologic/tests/Services/SearchServiceTest.php" line="119" assertions="4" time="0.008379"/>
        <testcase name="testRedirectToProductPageOnDoSearch with data set &quot;One product with multiple variations redirects to main variation when no identifiers match query&quot;" class="Findologic\Tests\Services\SearchServiceTest" classname="Findologic.Tests.Services.SearchServiceTest" file="/home/rimantas/web/htdocs/findologic/devtool/37811/18/Findologic/tests/Services/SearchServiceTest.php" line="119" assertions="4" time="0.009770"/>
        <testcase name="testRedirectToProductPageOnDoSearch with data set &quot;One product found on second page should not redirect to product detail&quot;" class="Findologic\Tests\Services\SearchServiceTest" classname="Findologic.Tests.Services.SearchServiceTest" file="/home/rimantas/web/htdocs/findologic/devtool/37811/18/Findologic/tests/Services/SearchServiceTest.php" line="119" assertions="4" time="0.005467"/>
        <testcase name="testRedirectToProductPageOnDoSearch with data set &quot;Multiple products found&quot;" class="Findologic\Tests\Services\SearchServiceTest" classname="Findologic.Tests.Services.SearchServiceTest" file="/home/rimantas/web/htdocs/findologic/devtool/37811/18/Findologic/tests/Services/SearchServiceTest.php" line="119" assertions="4" time="0.005393"/>
        <testcase name="testRedirectToProductPageOnDoSearch with data set &quot;One product found and query string type is corrected&quot;" class="Findologic\Tests\Services\SearchServiceTest" classname="Findologic.Tests.Services.SearchServiceTest" file="/home/rimantas/web/htdocs/findologic/devtool/37811/18/Findologic/tests/Services/SearchServiceTest.php" line="119" assertions="4" time="0.005894"/>
        <testcase name="testRedirectToProductPageOnDoSearch with data set &quot;One product found and query string type is improved&quot;" class="Findologic\Tests\Services\SearchServiceTest" classname="Findologic.Tests.Services.SearchServiceTest" file="/home/rimantas/web/htdocs/findologic/devtool/37811/18/Findologic/tests/Services/SearchServiceTest.php" line="119" assertions="4" time="0.005801"/>
        <testcase name="testRedirectToProductPageOnDoSearch with data set &quot;One product found but filters are set&quot;" class="Findologic\Tests\Services\SearchServiceTest" classname="Findologic.Tests.Services.SearchServiceTest" file="/home/rimantas/web/htdocs/findologic/devtool/37811/18/Findologic/tests/Services/SearchServiceTest.php" line="119" assertions="4" time="0.005300"/>
      </testsuite>
      <testsuite name="Findologic\Tests\Services\SearchServiceTest::testSearchEndpointIsUsedInCaseCategoryIsTheCeresIoSearchCategory" tests="3" assertions="10" errors="1" failures="0" skipped="0" time="0.017108">
        <testcase name="testSearchEndpointIsUsedInCaseCategoryIsTheCeresIoSearchCategory with data set &quot;Category is ignored when searched and configured category are the same&quot;" class="Findologic\Tests\Services\SearchServiceTest" classname="Findologic.Tests.Services.SearchServiceTest" file="/home/rimantas/web/htdocs/findologic/devtool/37811/18/Findologic/tests/Services/SearchServiceTest.php" line="259" assertions="0" time="0.004755">
          <error type="PHPUnit\Framework\Error\Notice">Findologic\Tests\Services\SearchServiceTest::testSearchEndpointIsUsedInCaseCategoryIsTheCeresIoSearchCategory with data set "Category is ignored when searched and configured category are the same" (array(1011, 1012), array(true, 1, array(array(1011))), array(), 1234, 1234, null)
Trying to access array offset on value of type null

/home/rimantas/web/htdocs/findologic/devtool/37811/18/Findologic/src/Services/SearchService.php:340
/home/rimantas/web/htdocs/findologic/devtool/37811/18/Findologic/src/Services/SearchService.php:154
/home/rimantas/web/htdocs/findologic/devtool/37811/18/Findologic/tests/Services/SearchServiceTest.php:340
</error>
        </testcase>
        <testcase name="testSearchEndpointIsUsedInCaseCategoryIsTheCeresIoSearchCategory with data set &quot;Category is used if no category is configured&quot;" class="Findologic\Tests\Services\SearchServiceTest" classname="Findologic.Tests.Services.SearchServiceTest" file="/home/rimantas/web/htdocs/findologic/devtool/37811/18/Findologic/tests/Services/SearchServiceTest.php" line="259" assertions="5" time="0.005977"/>
        <testcase name="testSearchEndpointIsUsedInCaseCategoryIsTheCeresIoSearchCategory with data set &quot;Category is used when another category is configured&quot;" class="Findologic\Tests\Services\SearchServiceTest" classname="Findologic.Tests.Services.SearchServiceTest" file="/home/rimantas/web/htdocs/findologic/devtool/37811/18/Findologic/tests/Services/SearchServiceTest.php" line="259" assertions="5" time="0.006376"/>
      </testsuite>
      <testsuite name="Findologic\Tests\Services\SearchServiceTest::testFilterInvalidProductOnlyPriorToCertainVersion" tests="4" assertions="4" errors="0" failures="0" skipped="0" time="0.010334">
        <testcase name="testFilterInvalidProductOnlyPriorToCertainVersion with data set &quot;Does not need to filter for Ceres version 5.0.3&quot;" class="Findologic\Tests\Services\SearchServiceTest" classname="Findologic.Tests.Services.SearchServiceTest" file="/home/rimantas/web/htdocs/findologic/devtool/37811/18/Findologic/tests/Services/SearchServiceTest.php" line="1072" assertions="1" time="0.004074"/>
        <testcase name="testFilterInvalidProductOnlyPriorToCertainVersion with data set &quot;Needs to filter when no Ceres version is returned&quot;" class="Findologic\Tests\Services\SearchServiceTest" classname="Findologic.Tests.Services.SearchServiceTest" file="/home/rimantas/web/htdocs/findologic/devtool/37811/18/Findologic/tests/Services/SearchServiceTest.php" line="1072" assertions="1" time="0.002219"/>
        <testcase name="testFilterInvalidProductOnlyPriorToCertainVersion with data set &quot;Needs to filter for Ceres versions below 5.0.3&quot;" class="Findologic\Tests\Services\SearchServiceTest" classname="Findologic.Tests.Services.SearchServiceTest" file="/home/rimantas/web/htdocs/findologic/devtool/37811/18/Findologic/tests/Services/SearchServiceTest.php" line="1072" assertions="1" time="0.002027"/>
        <testcase name="testFilterInvalidProductOnlyPriorToCertainVersion with data set &quot;Does not need to filter for Ceres versions above 5.0.3&quot;" class="Findologic\Tests\Services\SearchServiceTest" classname="Findologic.Tests.Services.SearchServiceTest" file="/home/rimantas/web/htdocs/findologic/devtool/37811/18/Findologic/tests/Services/SearchServiceTest.php" line="1072" assertions="1" time="0.002014"/>
      </testsuite>
    </testsuite>
  </testsuite>
</testsuites>
